{"meta": {"format": 3, "version": "7.13.1", "timestamp": "2026-01-23T17:00:06.371098", "branch_coverage": false, "show_contexts": false}, "files": {"app/__init__.py": {"executed_lines": [3, 4, 5, 7], "summary": {"covered_lines": 4, "num_statements": 4, "percent_covered": 100.0, "percent_covered_display": "100", "missing_lines": 0, "excluded_lines": 0, "percent_statements_covered": 100.0, "percent_statements_covered_display": "100"}, "missing_lines": [], "excluded_lines": [], "functions": {"": {"executed_lines": [3, 4, 5, 7], "summary": {"covered_lines": 4, "num_statements": 4, "percent_covered": 100.0, "percent_covered_display": "100", "missing_lines": 0, "excluded_lines": 0, "percent_statements_covered": 100.0, "percent_statements_covered_display": "100"}, "missing_lines": [], "excluded_lines": [], "start_line": 1}}, "classes": {"": {"executed_lines": [3, 4, 5, 7], "summary": {"covered_lines": 4, "num_statements": 4, "percent_covered": 100.0, "percent_covered_display": "100", "missing_lines": 0, "excluded_lines": 0, "percent_statements_covered": 100.0, "percent_statements_covered_display": "100"}, "missing_lines": [], "excluded_lines": [], "start_line": 1}}}, "app/comunicacion/__init__.py": {"executed_lines": [10, 11, 13], "summary": {"covered_lines": 3, "num_statements": 3, "percent_covered": 100.0, "percent_covered_display": "100", "missing_lines": 0, "excluded_lines": 0, "percent_statements_covered": 100.0, "percent_statements_covered_display": "100"}, "missing_lines": [], "excluded_lines": [], "functions": {"": {"executed_lines": [10, 11, 13], "summary": {"covered_lines": 3, "num_statements": 3, "percent_covered": 100.0, "percent_covered_display": "100", "missing_lines": 0, "excluded_lines": 0, "percent_statements_covered": 100.0, "percent_statements_covered_display": "100"}, "missing_lines": [], "excluded_lines": [], "start_line": 1}}, "classes": {"": {"executed_lines": [10, 11, 13], "summary": {"covered_lines": 3, "num_statements": 3, "percent_covered": 100.0, "percent_covered_display": "100", "missing_lines": 0, "excluded_lines": 0, "percent_statements_covered": 100.0, "percent_statements_covered_display": "100"}, "missing_lines": [], "excluded_lines": [], "start_line": 1}}}, "app/comunicacion/cliente_comandos.py": {"executed_lines": [7, 8, 9, 11, 13, 14, 16, 19, 40, 54, 55, 56, 57, 59, 65, 66, 68, 70, 71, 73, 75], "summary": {"covered_lines": 21, "num_statements": 34, "percent_covered": 61.76470588235294, "percent_covered_display": "62", "missing_lines": 13, "excluded_lines": 0, "percent_statements_covered": 61.76470588235294, "percent_statements_covered_display": "62"}, "missing_lines": [94, 96, 97, 100, 102, 111, 113, 114, 121, 128, 130, 132, 139], "excluded_lines": [], "functions": {"ClienteComandos.__init__": {"executed_lines": [54, 55, 56, 57, 59], "summary": {"covered_lines": 5, "num_statements": 5, "percent_covered": 100.0, "percent_covered_display": "100", "missing_lines": 0, "excluded_lines": 0, "percent_statements_covered": 100.0, "percent_statements_covered_display": "100"}, "missing_lines": [], "excluded_lines": [], "start_line": 40}, "ClienteComandos.host": {"executed_lines": [68], "summary": {"covered_lines": 1, "num_statements": 1, "percent_covered": 100.0, "percent_covered_display": "100", "missing_lines": 0, "excluded_lines": 0, "percent_statements_covered": 100.0, "percent_statements_covered_display": "100"}, "missing_lines": [], "excluded_lines": [], "start_line": 66}, "ClienteComandos.port": {"executed_lines": [73], "summary": {"covered_lines": 1, "num_statements": 1, "percent_covered": 100.0, "percent_covered_display": "100", "missing_lines": 0, "excluded_lines": 0, "percent_statements_covered": 100.0, "percent_statements_covered_display": "100"}, "missing_lines": [], "excluded_lines": [], "start_line": 71}, "ClienteComandos.enviar_comando": {"executed_lines": [], "summary": {"covered_lines": 0, "num_statements": 13, "percent_covered": 0.0, "percent_covered_display": "0", "missing_lines": 13, "excluded_lines": 0, "percent_statements_covered": 0.0, "percent_statements_covered_display": "0"}, "missing_lines": [94, 96, 97, 100, 102, 111, 113, 114, 121, 128, 130, 132, 139], "excluded_lines": [], "start_line": 75}, "": {"executed_lines": [7, 8, 9, 11, 13, 14, 16, 19, 40, 65, 66, 70, 71, 75], "summary": {"covered_lines": 14, "num_statements": 14, "percent_covered": 100.0, "percent_covered_display": "100", "missing_lines": 0, "excluded_lines": 0, "percent_statements_covered": 100.0, "percent_statements_covered_display": "100"}, "missing_lines": [], "excluded_lines": [], "start_line": 1}}, "classes": {"ClienteComandos": {"executed_lines": [54, 55, 56, 57, 59, 68, 73], "summary": {"covered_lines": 7, "num_statements": 20, "percent_covered": 35.0, "percent_covered_display": "35", "missing_lines": 13, "excluded_lines": 0, "percent_statements_covered": 35.0, "percent_statements_covered_display": "35"}, "missing_lines": [94, 96, 97, 100, 102, 111, 113, 114, 121, 128, 130, 132, 139], "excluded_lines": [], "start_line": 19}, "": {"executed_lines": [7, 8, 9, 11, 13, 14, 16, 19, 40, 65, 66, 70, 71, 75], "summary": {"covered_lines": 14, "num_statements": 14, "percent_covered": 100.0, "percent_covered_display": "100", "missing_lines": 0, "excluded_lines": 0, "percent_statements_covered": 100.0, "percent_statements_covered_display": "100"}, "missing_lines": [], "excluded_lines": [], "start_line": 1}}}, "app/comunicacion/servidor_estado.py": {"executed_lines": [8, 9, 10, 12, 14, 15, 17, 20, 52, 53, 54, 55, 57, 71, 74, 75, 76, 78, 84, 106, 117, 126, 176, 186], "summary": {"covered_lines": 24, "num_statements": 60, "percent_covered": 40.0, "percent_covered_display": "40", "missing_lines": 36, "excluded_lines": 0, "percent_statements_covered": 40.0, "percent_statements_covered_display": "40"}, "missing_lines": [91, 92, 93, 99, 104, 112, 113, 114, 115, 124, 137, 139, 140, 143, 146, 153, 155, 156, 157, 158, 160, 161, 162, 163, 165, 166, 167, 168, 170, 172, 173, 174, 183, 184, 193, 194], "excluded_lines": [], "functions": {"ServidorEstado.__init__": {"executed_lines": [71, 74, 75, 76, 78], "summary": {"covered_lines": 5, "num_statements": 5, "percent_covered": 100.0, "percent_covered_display": "100", "missing_lines": 0, "excluded_lines": 0, "percent_statements_covered": 100.0, "percent_statements_covered_display": "100"}, "missing_lines": [], "excluded_lines": [], "start_line": 57}, "ServidorEstado.iniciar": {"executed_lines": [], "summary": {"covered_lines": 0, "num_statements": 5, "percent_covered": 0.0, "percent_covered_display": "0", "missing_lines": 5, "excluded_lines": 0, "percent_statements_covered": 0.0, "percent_statements_covered_display": "0"}, "missing_lines": [91, 92, 93, 99, 104], "excluded_lines": [], "start_line": 84}, "ServidorEstado.detener": {"executed_lines": [], "summary": {"covered_lines": 0, "num_statements": 4, "percent_covered": 0.0, "percent_covered_display": "0", "missing_lines": 4, "excluded_lines": 0, "percent_statements_covered": 0.0, "percent_statements_covered_display": "0"}, "missing_lines": [112, 113, 114, 115], "excluded_lines": [], "start_line": 106}, "ServidorEstado.esta_activo": {"executed_lines": [], "summary": {"covered_lines": 0, "num_statements": 1, "percent_covered": 0.0, "percent_covered_display": "0", "missing_lines": 1, "excluded_lines": 0, "percent_statements_covered": 0.0, "percent_statements_covered_display": "0"}, "missing_lines": [124], "excluded_lines": [], "start_line": 117}, "ServidorEstado._procesar_mensaje": {"executed_lines": [], "summary": {"covered_lines": 0, "num_statements": 22, "percent_covered": 0.0, "percent_covered_display": "0", "missing_lines": 22, "excluded_lines": 0, "percent_statements_covered": 0.0, "percent_statements_covered_display": "0"}, "missing_lines": [137, 139, 140, 143, 146, 153, 155, 156, 157, 158, 160, 161, 162, 163, 165, 166, 167, 168, 170, 172, 173, 174], "excluded_lines": [], "start_line": 126}, "ServidorEstado._on_cliente_conectado": {"executed_lines": [], "summary": {"covered_lines": 0, "num_statements": 2, "percent_covered": 0.0, "percent_covered_display": "0", "missing_lines": 2, "excluded_lines": 0, "percent_statements_covered": 0.0, "percent_statements_covered_display": "0"}, "missing_lines": [183, 184], "excluded_lines": [], "start_line": 176}, "ServidorEstado._on_cliente_desconectado": {"executed_lines": [], "summary": {"covered_lines": 0, "num_statements": 2, "percent_covered": 0.0, "percent_covered_display": "0", "missing_lines": 2, "excluded_lines": 0, "percent_statements_covered": 0.0, "percent_statements_covered_display": "0"}, "missing_lines": [193, 194], "excluded_lines": [], "start_line": 186}, "": {"executed_lines": [8, 9, 10, 12, 14, 15, 17, 20, 52, 53, 54, 55, 57, 84, 106, 117, 126, 176, 186], "summary": {"covered_lines": 19, "num_statements": 19, "percent_covered": 100.0, "percent_covered_display": "100", "missing_lines": 0, "excluded_lines": 0, "percent_statements_covered": 100.0, "percent_statements_covered_display": "100"}, "missing_lines": [], "excluded_lines": [], "start_line": 1}}, "classes": {"ServidorEstado": {"executed_lines": [71, 74, 75, 76, 78], "summary": {"covered_lines": 5, "num_statements": 41, "percent_covered": 12.195121951219512, "percent_covered_display": "12", "missing_lines": 36, "excluded_lines": 0, "percent_statements_covered": 12.195121951219512, "percent_statements_covered_display": "12"}, "missing_lines": [91, 92, 93, 99, 104, 112, 113, 114, 115, 124, 137, 139, 140, 143, 146, 153, 155, 156, 157, 158, 160, 161, 162, 163, 165, 166, 167, 168, 170, 172, 173, 174, 183, 184, 193, 194], "excluded_lines": [], "start_line": 20}, "": {"executed_lines": [8, 9, 10, 12, 14, 15, 17, 20, 52, 53, 54, 55, 57, 84, 106, 117, 126, 176, 186], "summary": {"covered_lines": 19, "num_statements": 19, "percent_covered": 100.0, "percent_covered_display": "100", "missing_lines": 0, "excluded_lines": 0, "percent_statements_covered": 100.0, "percent_statements_covered_display": "100"}, "missing_lines": [], "excluded_lines": [], "start_line": 1}}}, "app/configuracion/__init__.py": {"executed_lines": [3, 5], "summary": {"covered_lines": 2, "num_statements": 2, "percent_covered": 100.0, "percent_covered_display": "100", "missing_lines": 0, "excluded_lines": 0, "percent_statements_covered": 100.0, "percent_statements_covered_display": "100"}, "missing_lines": [], "excluded_lines": [], "functions": {"": {"executed_lines": [3, 5], "summary": {"covered_lines": 2, "num_statements": 2, "percent_covered": 100.0, "percent_covered_display": "100", "missing_lines": 0, "excluded_lines": 0, "percent_statements_covered": 100.0, "percent_statements_covered_display": "100"}, "missing_lines": [], "excluded_lines": [], "start_line": 1}}, "classes": {"": {"executed_lines": [3, 5], "summary": {"covered_lines": 2, "num_statements": 2, "percent_covered": 100.0, "percent_covered_display": "100", "missing_lines": 0, "excluded_lines": 0, "percent_statements_covered": 100.0, "percent_statements_covered_display": "100"}, "missing_lines": [], "excluded_lines": [], "start_line": 1}}}, "app/configuracion/config.py": {"executed_lines": [8, 9, 12, 13, 29, 30, 31, 34, 35, 36, 37, 38, 40, 43, 44, 47, 48, 53, 54, 57, 58, 63, 64, 69, 74, 79, 80, 102, 113, 114, 121], "summary": {"covered_lines": 31, "num_statements": 31, "percent_covered": 100.0, "percent_covered_display": "100", "missing_lines": 0, "excluded_lines": 0, "percent_statements_covered": 100.0, "percent_statements_covered_display": "100"}, "missing_lines": [], "excluded_lines": [], "functions": {"ConfigUX.__post_init__": {"executed_lines": [43, 44, 47, 48, 53, 54, 57, 58, 63, 64, 69, 74], "summary": {"covered_lines": 12, "num_statements": 12, "percent_covered": 100.0, "percent_covered_display": "100", "missing_lines": 0, "excluded_lines": 0, "percent_statements_covered": 100.0, "percent_statements_covered_display": "100"}, "missing_lines": [], "excluded_lines": [], "start_line": 40}, "ConfigUX.from_dict": {"executed_lines": [102], "summary": {"covered_lines": 1, "num_statements": 1, "percent_covered": 100.0, "percent_covered_display": "100", "missing_lines": 0, "excluded_lines": 0, "percent_statements_covered": 100.0, "percent_statements_covered_display": "100"}, "missing_lines": [], "excluded_lines": [], "start_line": 80}, "ConfigUX.defaults": {"executed_lines": [121], "summary": {"covered_lines": 1, "num_statements": 1, "percent_covered": 100.0, "percent_covered_display": "100", "missing_lines": 0, "excluded_lines": 0, "percent_statements_covered": 100.0, "percent_statements_covered_display": "100"}, "missing_lines": [], "excluded_lines": [], "start_line": 114}, "": {"executed_lines": [8, 9, 12, 13, 29, 30, 31, 34, 35, 36, 37, 38, 40, 79, 80, 113, 114], "summary": {"covered_lines": 17, "num_statements": 17, "percent_covered": 100.0, "percent_covered_display": "100", "missing_lines": 0, "excluded_lines": 0, "percent_statements_covered": 100.0, "percent_statements_covered_display": "100"}, "missing_lines": [], "excluded_lines": [], "start_line": 1}}, "classes": {"ConfigUX": {"executed_lines": [43, 44, 47, 48, 53, 54, 57, 58, 63, 64, 69, 74, 102, 121], "summary": {"covered_lines": 14, "num_statements": 14, "percent_covered": 100.0, "percent_covered_display": "100", "missing_lines": 0, "excluded_lines": 0, "percent_statements_covered": 100.0, "percent_statements_covered_display": "100"}, "missing_lines": [], "excluded_lines": [], "start_line": 13}, "": {"executed_lines": [8, 9, 12, 13, 29, 30, 31, 34, 35, 36, 37, 38, 40, 79, 80, 113, 114], "summary": {"covered_lines": 17, "num_statements": 17, "percent_covered": 100.0, "percent_covered_display": "100", "missing_lines": 0, "excluded_lines": 0, "percent_statements_covered": 100.0, "percent_statements_covered_display": "100"}, "missing_lines": [], "excluded_lines": [], "start_line": 1}}}, "app/coordinator.py": {"executed_lines": [8, 9, 11, 13, 14, 16, 19, 31, 52, 53, 54, 55, 58, 60, 62, 63, 64, 65, 66, 70, 73, 76, 77, 78, 80, 82, 84, 87, 90, 91, 93, 95, 97, 100, 102, 106, 114, 115, 118, 119, 122, 123, 128, 129, 131, 133, 140, 148, 151, 153, 154, 158, 166, 169, 171, 172, 176, 183, 186, 193, 196, 203], "summary": {"covered_lines": 62, "num_statements": 64, "percent_covered": 96.875, "percent_covered_display": "97", "missing_lines": 2, "excluded_lines": 0, "percent_statements_covered": 96.875, "percent_statements_covered_display": "97"}, "missing_lines": [156, 174], "excluded_lines": [], "functions": {"UXCoordinator.__init__": {"executed_lines": [52, 53, 54, 55, 58], "summary": {"covered_lines": 5, "num_statements": 5, "percent_covered": 100.0, "percent_covered_display": "100", "missing_lines": 0, "excluded_lines": 0, "percent_statements_covered": 100.0, "percent_statements_covered_display": "100"}, "missing_lines": [], "excluded_lines": [], "start_line": 31}, "UXCoordinator._conectar_signals": {"executed_lines": [62, 63, 64, 65, 66], "summary": {"covered_lines": 5, "num_statements": 5, "percent_covered": 100.0, "percent_covered_display": "100", "missing_lines": 0, "excluded_lines": 0, "percent_statements_covered": 100.0, "percent_statements_covered_display": "100"}, "missing_lines": [], "excluded_lines": [], "start_line": 60}, "UXCoordinator._conectar_servidor_estado": {"executed_lines": [73, 76, 77, 78, 80], "summary": {"covered_lines": 5, "num_statements": 5, "percent_covered": 100.0, "percent_covered_display": "100", "missing_lines": 0, "excluded_lines": 0, "percent_statements_covered": 100.0, "percent_statements_covered_display": "100"}, "missing_lines": [], "excluded_lines": [], "start_line": 70}, "UXCoordinator._conectar_power": {"executed_lines": [84, 87, 90, 91, 93], "summary": {"covered_lines": 5, "num_statements": 5, "percent_covered": 100.0, "percent_covered_display": "100", "missing_lines": 0, "excluded_lines": 0, "percent_statements_covered": 100.0, "percent_statements_covered_display": "100"}, "missing_lines": [], "excluded_lines": [], "start_line": 82}, "UXCoordinator._conectar_control_temp": {"executed_lines": [97, 100, 102], "summary": {"covered_lines": 3, "num_statements": 3, "percent_covered": 100.0, "percent_covered_display": "100", "missing_lines": 0, "excluded_lines": 0, "percent_statements_covered": 100.0, "percent_statements_covered_display": "100"}, "missing_lines": [], "excluded_lines": [], "start_line": 95}, "UXCoordinator._on_estado_recibido": {"executed_lines": [114, 115, 118, 119, 122, 123, 128, 129, 131, 133], "summary": {"covered_lines": 10, "num_statements": 10, "percent_covered": 100.0, "percent_covered_display": "100", "missing_lines": 0, "excluded_lines": 0, "percent_statements_covered": 100.0, "percent_statements_covered_display": "100"}, "missing_lines": [], "excluded_lines": [], "start_line": 106}, "UXCoordinator._on_power_cambiado": {"executed_lines": [148, 151, 153, 154], "summary": {"covered_lines": 4, "num_statements": 5, "percent_covered": 80.0, "percent_covered_display": "80", "missing_lines": 1, "excluded_lines": 0, "percent_statements_covered": 80.0, "percent_statements_covered_display": "80"}, "missing_lines": [156], "excluded_lines": [], "start_line": 140}, "UXCoordinator._on_temperatura_cambiada": {"executed_lines": [166, 169, 171, 172], "summary": {"covered_lines": 4, "num_statements": 5, "percent_covered": 80.0, "percent_covered_display": "80", "missing_lines": 1, "excluded_lines": 0, "percent_statements_covered": 80.0, "percent_statements_covered_display": "80"}, "missing_lines": [174], "excluded_lines": [], "start_line": 158}, "UXCoordinator._on_conexion_establecida": {"executed_lines": [183], "summary": {"covered_lines": 1, "num_statements": 1, "percent_covered": 100.0, "percent_covered_display": "100", "missing_lines": 0, "excluded_lines": 0, "percent_statements_covered": 100.0, "percent_statements_covered_display": "100"}, "missing_lines": [], "excluded_lines": [], "start_line": 176}, "UXCoordinator._on_conexion_perdida": {"executed_lines": [193], "summary": {"covered_lines": 1, "num_statements": 1, "percent_covered": 100.0, "percent_covered_display": "100", "missing_lines": 0, "excluded_lines": 0, "percent_statements_covered": 100.0, "percent_statements_covered_display": "100"}, "missing_lines": [], "excluded_lines": [], "start_line": 186}, "UXCoordinator._on_error_parsing": {"executed_lines": [203], "summary": {"covered_lines": 1, "num_statements": 1, "percent_covered": 100.0, "percent_covered_display": "100", "missing_lines": 0, "excluded_lines": 0, "percent_statements_covered": 100.0, "percent_statements_covered_display": "100"}, "missing_lines": [], "excluded_lines": [], "start_line": 196}, "": {"executed_lines": [8, 9, 11, 13, 14, 16, 19, 31, 60, 70, 82, 95, 106, 140, 158, 176, 186, 196], "summary": {"covered_lines": 18, "num_statements": 18, "percent_covered": 100.0, "percent_covered_display": "100", "missing_lines": 0, "excluded_lines": 0, "percent_statements_covered": 100.0, "percent_statements_covered_display": "100"}, "missing_lines": [], "excluded_lines": [], "start_line": 1}}, "classes": {"UXCoordinator": {"executed_lines": [52, 53, 54, 55, 58, 62, 63, 64, 65, 66, 73, 76, 77, 78, 80, 84, 87, 90, 91, 93, 97, 100, 102, 114, 115, 118, 119, 122, 123, 128, 129, 131, 133, 148, 151, 153, 154, 166, 169, 171, 172, 183, 193, 203], "summary": {"covered_lines": 44, "num_statements": 46, "percent_covered": 95.65217391304348, "percent_covered_display": "96", "missing_lines": 2, "excluded_lines": 0, "percent_statements_covered": 95.65217391304348, "percent_statements_covered_display": "96"}, "missing_lines": [156, 174], "excluded_lines": [], "start_line": 19}, "": {"executed_lines": [8, 9, 11, 13, 14, 16, 19, 31, 60, 70, 82, 95, 106, 140, 158, 176, 186, 196], "summary": {"covered_lines": 18, "num_statements": 18, "percent_covered": 100.0, "percent_covered_display": "100", "missing_lines": 0, "excluded_lines": 0, "percent_statements_covered": 100.0, "percent_statements_covered_display": "100"}, "missing_lines": [], "excluded_lines": [], "start_line": 1}}}, "app/dominio/__init__.py": {"executed_lines": [9, 10, 17], "summary": {"covered_lines": 3, "num_statements": 3, "percent_covered": 100.0, "percent_covered_display": "100", "missing_lines": 0, "excluded_lines": 0, "percent_statements_covered": 100.0, "percent_statements_covered_display": "100"}, "missing_lines": [], "excluded_lines": [], "functions": {"": {"executed_lines": [9, 10, 17], "summary": {"covered_lines": 3, "num_statements": 3, "percent_covered": 100.0, "percent_covered_display": "100", "missing_lines": 0, "excluded_lines": 0, "percent_statements_covered": 100.0, "percent_statements_covered_display": "100"}, "missing_lines": [], "excluded_lines": [], "start_line": 1}}, "classes": {"": {"executed_lines": [9, 10, 17], "summary": {"covered_lines": 3, "num_statements": 3, "percent_covered": 100.0, "percent_covered_display": "100", "missing_lines": 0, "excluded_lines": 0, "percent_statements_covered": 100.0, "percent_statements_covered_display": "100"}, "missing_lines": [], "excluded_lines": [], "start_line": 1}}}, "app/dominio/comandos.py": {"executed_lines": [9, 10, 11, 14, 15, 26, 28, 29, 38, 39, 48, 50, 64, 65, 77, 79, 86, 91, 105, 106, 118, 120, 134], "summary": {"covered_lines": 23, "num_statements": 30, "percent_covered": 76.66666666666667, "percent_covered_display": "77", "missing_lines": 7, "excluded_lines": 0, "percent_statements_covered": 76.66666666666667, "percent_statements_covered_display": "77"}, "missing_lines": [57, 87, 98, 127, 128, 129, 141], "excluded_lines": [], "functions": {"ComandoTermostato.to_json": {"executed_lines": [], "summary": {"covered_lines": 0, "num_statements": 0, "percent_covered": 100.0, "percent_covered_display": "100", "missing_lines": 0, "excluded_lines": 0, "percent_statements_covered": 100.0, "percent_statements_covered_display": "100"}, "missing_lines": [], "excluded_lines": [], "start_line": 29}, "ComandoPower.to_json": {"executed_lines": [], "summary": {"covered_lines": 0, "num_statements": 1, "percent_covered": 0.0, "percent_covered_display": "0", "missing_lines": 1, "excluded_lines": 0, "percent_statements_covered": 0.0, "percent_statements_covered_display": "0"}, "missing_lines": [57], "excluded_lines": [], "start_line": 50}, "ComandoSetTemp.__post_init__": {"executed_lines": [86], "summary": {"covered_lines": 1, "num_statements": 2, "percent_covered": 50.0, "percent_covered_display": "50", "missing_lines": 1, "excluded_lines": 0, "percent_statements_covered": 50.0, "percent_statements_covered_display": "50"}, "missing_lines": [87], "excluded_lines": [], "start_line": 79}, "ComandoSetTemp.to_json": {"executed_lines": [], "summary": {"covered_lines": 0, "num_statements": 1, "percent_covered": 0.0, "percent_covered_display": "0", "missing_lines": 1, "excluded_lines": 0, "percent_statements_covered": 0.0, "percent_statements_covered_display": "0"}, "missing_lines": [98], "excluded_lines": [], "start_line": 91}, "ComandoSetModoDisplay.__post_init__": {"executed_lines": [], "summary": {"covered_lines": 0, "num_statements": 3, "percent_covered": 0.0, "percent_covered_display": "0", "missing_lines": 3, "excluded_lines": 0, "percent_statements_covered": 0.0, "percent_statements_covered_display": "0"}, "missing_lines": [127, 128, 129], "excluded_lines": [], "start_line": 120}, "ComandoSetModoDisplay.to_json": {"executed_lines": [], "summary": {"covered_lines": 0, "num_statements": 1, "percent_covered": 0.0, "percent_covered_display": "0", "missing_lines": 1, "excluded_lines": 0, "percent_statements_covered": 0.0, "percent_statements_covered_display": "0"}, "missing_lines": [141], "excluded_lines": [], "start_line": 134}, "": {"executed_lines": [9, 10, 11, 14, 15, 26, 28, 29, 38, 39, 48, 50, 64, 65, 77, 79, 91, 105, 106, 118, 120, 134], "summary": {"covered_lines": 22, "num_statements": 22, "percent_covered": 100.0, "percent_covered_display": "100", "missing_lines": 0, "excluded_lines": 0, "percent_statements_covered": 100.0, "percent_statements_covered_display": "100"}, "missing_lines": [], "excluded_lines": [], "start_line": 1}}, "classes": {"ComandoTermostato": {"executed_lines": [], "summary": {"covered_lines": 0, "num_statements": 0, "percent_covered": 100.0, "percent_covered_display": "100", "missing_lines": 0, "excluded_lines": 0, "percent_statements_covered": 100.0, "percent_statements_covered_display": "100"}, "missing_lines": [], "excluded_lines": [], "start_line": 15}, "ComandoPower": {"executed_lines": [], "summary": {"covered_lines": 0, "num_statements": 1, "percent_covered": 0.0, "percent_covered_display": "0", "missing_lines": 1, "excluded_lines": 0, "percent_statements_covered": 0.0, "percent_statements_covered_display": "0"}, "missing_lines": [57], "excluded_lines": [], "start_line": 39}, "ComandoSetTemp": {"executed_lines": [86], "summary": {"covered_lines": 1, "num_statements": 3, "percent_covered": 33.333333333333336, "percent_covered_display": "33", "missing_lines": 2, "excluded_lines": 0, "percent_statements_covered": 33.333333333333336, "percent_statements_covered_display": "33"}, "missing_lines": [87, 98], "excluded_lines": [], "start_line": 65}, "ComandoSetModoDisplay": {"executed_lines": [], "summary": {"covered_lines": 0, "num_statements": 4, "percent_covered": 0.0, "percent_covered_display": "0", "missing_lines": 4, "excluded_lines": 0, "percent_statements_covered": 0.0, "percent_statements_covered_display": "0"}, "missing_lines": [127, 128, 129, 141], "excluded_lines": [], "start_line": 106}, "": {"executed_lines": [9, 10, 11, 14, 15, 26, 28, 29, 38, 39, 48, 50, 64, 65, 77, 79, 91, 105, 106, 118, 120, 134], "summary": {"covered_lines": 22, "num_statements": 22, "percent_covered": 100.0, "percent_covered_display": "100", "missing_lines": 0, "excluded_lines": 0, "percent_statements_covered": 100.0, "percent_statements_covered_display": "100"}, "missing_lines": [], "excluded_lines": [], "start_line": 1}}}, "app/dominio/estado_termostato.py": {"executed_lines": [8, 9, 12, 13, 36, 37, 38, 39, 40, 41, 42, 43, 45, 53, 60, 67, 68, 75, 76, 82, 83, 114], "summary": {"covered_lines": 22, "num_statements": 31, "percent_covered": 70.96774193548387, "percent_covered_display": "71", "missing_lines": 9, "excluded_lines": 0, "percent_statements_covered": 70.96774193548387, "percent_statements_covered_display": "71"}, "missing_lines": [54, 61, 69, 77, 98, 99, 101, 103, 121], "excluded_lines": [], "functions": {"EstadoTermostato.__post_init__": {"executed_lines": [53, 60, 67, 68, 75, 76], "summary": {"covered_lines": 6, "num_statements": 10, "percent_covered": 60.0, "percent_covered_display": "60", "missing_lines": 4, "excluded_lines": 0, "percent_statements_covered": 60.0, "percent_statements_covered_display": "60"}, "missing_lines": [54, 61, 69, 77], "excluded_lines": [], "start_line": 45}, "EstadoTermostato.from_json": {"executed_lines": [], "summary": {"covered_lines": 0, "num_statements": 4, "percent_covered": 0.0, "percent_covered_display": "0", "missing_lines": 4, "excluded_lines": 0, "percent_statements_covered": 0.0, "percent_statements_covered_display": "0"}, "missing_lines": [98, 99, 101, 103], "excluded_lines": [], "start_line": 83}, "EstadoTermostato.to_dict": {"executed_lines": [], "summary": {"covered_lines": 0, "num_statements": 1, "percent_covered": 0.0, "percent_covered_display": "0", "missing_lines": 1, "excluded_lines": 0, "percent_statements_covered": 0.0, "percent_statements_covered_display": "0"}, "missing_lines": [121], "excluded_lines": [], "start_line": 114}, "": {"executed_lines": [8, 9, 12, 13, 36, 37, 38, 39, 40, 41, 42, 43, 45, 82, 83, 114], "summary": {"covered_lines": 16, "num_statements": 16, "percent_covered": 100.0, "percent_covered_display": "100", "missing_lines": 0, "excluded_lines": 0, "percent_statements_covered": 100.0, "percent_statements_covered_display": "100"}, "missing_lines": [], "excluded_lines": [], "start_line": 1}}, "classes": {"EstadoTermostato": {"executed_lines": [53, 60, 67, 68, 75, 76], "summary": {"covered_lines": 6, "num_statements": 15, "percent_covered": 40.0, "percent_covered_display": "40", "missing_lines": 9, "excluded_lines": 0, "percent_statements_covered": 40.0, "percent_statements_covered_display": "40"}, "missing_lines": [54, 61, 69, 77, 98, 99, 101, 103, 121], "excluded_lines": [], "start_line": 13}, "": {"executed_lines": [8, 9, 12, 13, 36, 37, 38, 39, 40, 41, 42, 43, 45, 82, 83, 114], "summary": {"covered_lines": 16, "num_statements": 16, "percent_covered": 100.0, "percent_covered_display": "100", "missing_lines": 0, "excluded_lines": 0, "percent_statements_covered": 100.0, "percent_statements_covered_display": "100"}, "missing_lines": [], "excluded_lines": [], "start_line": 1}}}, "app/factory.py": {"executed_lines": [8, 9, 11, 12, 13, 14, 19, 24, 25, 31, 34, 44, 51, 52, 54, 55, 57, 61, 74, 75, 80, 82, 95, 96, 97, 102, 106, 114, 122, 125, 127, 128, 130, 140, 143, 146, 148, 149, 151, 161, 164, 167, 169, 170, 172, 180, 183, 186, 188, 189, 191, 201, 210, 213, 215, 216, 220, 232, 239, 240], "summary": {"covered_lines": 60, "num_statements": 60, "percent_covered": 100.0, "percent_covered_display": "100", "missing_lines": 0, "excluded_lines": 0, "percent_statements_covered": 100.0, "percent_statements_covered_display": "100"}, "missing_lines": [], "excluded_lines": [], "functions": {"ComponenteFactoryUX.__init__": {"executed_lines": [51, 52], "summary": {"covered_lines": 2, "num_statements": 2, "percent_covered": 100.0, "percent_covered_display": "100", "missing_lines": 0, "excluded_lines": 0, "percent_statements_covered": 100.0, "percent_statements_covered_display": "100"}, "missing_lines": [], "excluded_lines": [], "start_line": 44}, "ComponenteFactoryUX.config": {"executed_lines": [57], "summary": {"covered_lines": 1, "num_statements": 1, "percent_covered": 100.0, "percent_covered_display": "100", "missing_lines": 0, "excluded_lines": 0, "percent_statements_covered": 100.0, "percent_statements_covered_display": "100"}, "missing_lines": [], "excluded_lines": [], "start_line": 55}, "ComponenteFactoryUX.crear_servidor_estado": {"executed_lines": [74, 75, 80], "summary": {"covered_lines": 3, "num_statements": 3, "percent_covered": 100.0, "percent_covered_display": "100", "missing_lines": 0, "excluded_lines": 0, "percent_statements_covered": 100.0, "percent_statements_covered_display": "100"}, "missing_lines": [], "excluded_lines": [], "start_line": 61}, "ComponenteFactoryUX.crear_cliente_comandos": {"executed_lines": [95, 96, 97, 102], "summary": {"covered_lines": 4, "num_statements": 4, "percent_covered": 100.0, "percent_covered_display": "100", "missing_lines": 0, "excluded_lines": 0, "percent_statements_covered": 100.0, "percent_statements_covered_display": "100"}, "missing_lines": [], "excluded_lines": [], "start_line": 82}, "ComponenteFactoryUX.crear_panel_display": {"executed_lines": [114, 122, 125, 127, 128], "summary": {"covered_lines": 5, "num_statements": 5, "percent_covered": 100.0, "percent_covered_display": "100", "missing_lines": 0, "excluded_lines": 0, "percent_statements_covered": 100.0, "percent_statements_covered_display": "100"}, "missing_lines": [], "excluded_lines": [], "start_line": 106}, "ComponenteFactoryUX.crear_panel_climatizador": {"executed_lines": [140, 143, 146, 148, 149], "summary": {"covered_lines": 5, "num_statements": 5, "percent_covered": 100.0, "percent_covered_display": "100", "missing_lines": 0, "excluded_lines": 0, "percent_statements_covered": 100.0, "percent_statements_covered_display": "100"}, "missing_lines": [], "excluded_lines": [], "start_line": 130}, "ComponenteFactoryUX.crear_panel_indicadores": {"executed_lines": [161, 164, 167, 169, 170], "summary": {"covered_lines": 5, "num_statements": 5, "percent_covered": 100.0, "percent_covered_display": "100", "missing_lines": 0, "excluded_lines": 0, "percent_statements_covered": 100.0, "percent_statements_covered_display": "100"}, "missing_lines": [], "excluded_lines": [], "start_line": 151}, "ComponenteFactoryUX.crear_panel_power": {"executed_lines": [180, 183, 186, 188, 189], "summary": {"covered_lines": 5, "num_statements": 5, "percent_covered": 100.0, "percent_covered_display": "100", "missing_lines": 0, "excluded_lines": 0, "percent_statements_covered": 100.0, "percent_statements_covered_display": "100"}, "missing_lines": [], "excluded_lines": [], "start_line": 172}, "ComponenteFactoryUX.crear_panel_control_temp": {"executed_lines": [201, 210, 213, 215, 216], "summary": {"covered_lines": 5, "num_statements": 5, "percent_covered": 100.0, "percent_covered_display": "100", "missing_lines": 0, "excluded_lines": 0, "percent_statements_covered": 100.0, "percent_statements_covered_display": "100"}, "missing_lines": [], "excluded_lines": [], "start_line": 191}, "ComponenteFactoryUX.crear_todos_paneles": {"executed_lines": [232, 239, 240], "summary": {"covered_lines": 3, "num_statements": 3, "percent_covered": 100.0, "percent_covered_display": "100", "missing_lines": 0, "excluded_lines": 0, "percent_statements_covered": 100.0, "percent_statements_covered_display": "100"}, "missing_lines": [], "excluded_lines": [], "start_line": 220}, "": {"executed_lines": [8, 9, 11, 12, 13, 14, 19, 24, 25, 31, 34, 44, 54, 55, 61, 82, 106, 130, 151, 172, 191, 220], "summary": {"covered_lines": 22, "num_statements": 22, "percent_covered": 100.0, "percent_covered_display": "100", "missing_lines": 0, "excluded_lines": 0, "percent_statements_covered": 100.0, "percent_statements_covered_display": "100"}, "missing_lines": [], "excluded_lines": [], "start_line": 1}}, "classes": {"ComponenteFactoryUX": {"executed_lines": [51, 52, 57, 74, 75, 80, 95, 96, 97, 102, 114, 122, 125, 127, 128, 140, 143, 146, 148, 149, 161, 164, 167, 169, 170, 180, 183, 186, 188, 189, 201, 210, 213, 215, 216, 232, 239, 240], "summary": {"covered_lines": 38, "num_statements": 38, "percent_covered": 100.0, "percent_covered_display": "100", "missing_lines": 0, "excluded_lines": 0, "percent_statements_covered": 100.0, "percent_statements_covered_display": "100"}, "missing_lines": [], "excluded_lines": [], "start_line": 34}, "": {"executed_lines": [8, 9, 11, 12, 13, 14, 19, 24, 25, 31, 34, 44, 54, 55, 61, 82, 106, 130, 151, 172, 191, 220], "summary": {"covered_lines": 22, "num_statements": 22, "percent_covered": 100.0, "percent_covered_display": "100", "missing_lines": 0, "excluded_lines": 0, "percent_statements_covered": 100.0, "percent_statements_covered_display": "100"}, "missing_lines": [], "excluded_lines": [], "start_line": 1}}}, "app/presentacion/paneles/climatizador/__init__.py": {"executed_lines": [8, 15, 16, 18], "summary": {"covered_lines": 4, "num_statements": 4, "percent_covered": 100.0, "percent_covered_display": "100", "missing_lines": 0, "excluded_lines": 0, "percent_statements_covered": 100.0, "percent_statements_covered_display": "100"}, "missing_lines": [], "excluded_lines": [], "functions": {"": {"executed_lines": [8, 15, 16, 18], "summary": {"covered_lines": 4, "num_statements": 4, "percent_covered": 100.0, "percent_covered_display": "100", "missing_lines": 0, "excluded_lines": 0, "percent_statements_covered": 100.0, "percent_statements_covered_display": "100"}, "missing_lines": [], "excluded_lines": [], "start_line": 1}}, "classes": {"": {"executed_lines": [8, 15, 16, 18], "summary": {"covered_lines": 4, "num_statements": 4, "percent_covered": 100.0, "percent_covered_display": "100", "missing_lines": 0, "excluded_lines": 0, "percent_statements_covered": 100.0, "percent_statements_covered_display": "100"}, "missing_lines": [], "excluded_lines": [], "start_line": 1}}}, "app/presentacion/paneles/climatizador/controlador.py": {"executed_lines": [8, 9, 11, 12, 15, 27, 29, 37, 38, 39, 42, 44, 45, 47, 49, 50, 52, 54, 78, 91], "summary": {"covered_lines": 20, "num_statements": 32, "percent_covered": 62.5, "percent_covered_display": "62", "missing_lines": 12, "excluded_lines": 0, "percent_statements_covered": 62.5, "percent_statements_covered_display": "62"}, "missing_lines": [65, 66, 67, 70, 73, 76, 86, 89, 105, 106, 109, 112], "excluded_lines": [], "functions": {"ClimatizadorControlador.__init__": {"executed_lines": [37, 38, 39, 42], "summary": {"covered_lines": 4, "num_statements": 4, "percent_covered": 100.0, "percent_covered_display": "100", "missing_lines": 0, "excluded_lines": 0, "percent_statements_covered": 100.0, "percent_statements_covered_display": "100"}, "missing_lines": [], "excluded_lines": [], "start_line": 29}, "ClimatizadorControlador.modelo": {"executed_lines": [47], "summary": {"covered_lines": 1, "num_statements": 1, "percent_covered": 100.0, "percent_covered_display": "100", "missing_lines": 0, "excluded_lines": 0, "percent_statements_covered": 100.0, "percent_statements_covered_display": "100"}, "missing_lines": [], "excluded_lines": [], "start_line": 45}, "ClimatizadorControlador.vista": {"executed_lines": [52], "summary": {"covered_lines": 1, "num_statements": 1, "percent_covered": 100.0, "percent_covered_display": "100", "missing_lines": 0, "excluded_lines": 0, "percent_statements_covered": 100.0, "percent_statements_covered_display": "100"}, "missing_lines": [], "excluded_lines": [], "start_line": 50}, "ClimatizadorControlador.actualizar_estado": {"executed_lines": [], "summary": {"covered_lines": 0, "num_statements": 6, "percent_covered": 0.0, "percent_covered_display": "0", "missing_lines": 6, "excluded_lines": 0, "percent_statements_covered": 0.0, "percent_statements_covered_display": "0"}, "missing_lines": [65, 66, 67, 70, 73, 76], "excluded_lines": [], "start_line": 54}, "ClimatizadorControlador.set_encendido": {"executed_lines": [], "summary": {"covered_lines": 0, "num_statements": 2, "percent_covered": 0.0, "percent_covered_display": "0", "missing_lines": 2, "excluded_lines": 0, "percent_statements_covered": 0.0, "percent_statements_covered_display": "0"}, "missing_lines": [86, 89], "excluded_lines": [], "start_line": 78}, "ClimatizadorControlador.actualizar_desde_estado": {"executed_lines": [], "summary": {"covered_lines": 0, "num_statements": 4, "percent_covered": 0.0, "percent_covered_display": "0", "missing_lines": 4, "excluded_lines": 0, "percent_statements_covered": 0.0, "percent_statements_covered_display": "0"}, "missing_lines": [105, 106, 109, 112], "excluded_lines": [], "start_line": 91}, "": {"executed_lines": [8, 9, 11, 12, 15, 27, 29, 44, 45, 49, 50, 54, 78, 91], "summary": {"covered_lines": 14, "num_statements": 14, "percent_covered": 100.0, "percent_covered_display": "100", "missing_lines": 0, "excluded_lines": 0, "percent_statements_covered": 100.0, "percent_statements_covered_display": "100"}, "missing_lines": [], "excluded_lines": [], "start_line": 1}}, "classes": {"ClimatizadorControlador": {"executed_lines": [37, 38, 39, 42, 47, 52], "summary": {"covered_lines": 6, "num_statements": 18, "percent_covered": 33.333333333333336, "percent_covered_display": "33", "missing_lines": 12, "excluded_lines": 0, "percent_statements_covered": 33.333333333333336, "percent_statements_covered_display": "33"}, "missing_lines": [65, 66, 67, 70, 73, 76, 86, 89, 105, 106, 109, 112], "excluded_lines": [], "start_line": 15}, "": {"executed_lines": [8, 9, 11, 12, 15, 27, 29, 44, 45, 49, 50, 54, 78, 91], "summary": {"covered_lines": 14, "num_statements": 14, "percent_covered": 100.0, "percent_covered_display": "100", "missing_lines": 0, "excluded_lines": 0, "percent_statements_covered": 100.0, "percent_statements_covered_display": "100"}, "missing_lines": [], "excluded_lines": [], "start_line": 1}}}, "app/presentacion/paneles/climatizador/modelo.py": {"executed_lines": [8, 12, 13, 14, 15, 18, 19, 28, 29, 31, 33, 34, 40, 52, 53, 57, 58, 62, 63, 67, 68], "summary": {"covered_lines": 21, "num_statements": 27, "percent_covered": 77.77777777777777, "percent_covered_display": "78", "missing_lines": 6, "excluded_lines": 0, "percent_statements_covered": 77.77777777777777, "percent_statements_covered_display": "78"}, "missing_lines": [35, 47, 55, 60, 65, 70], "excluded_lines": [], "functions": {"ClimatizadorModelo.__post_init__": {"executed_lines": [33, 34], "summary": {"covered_lines": 2, "num_statements": 3, "percent_covered": 66.66666666666667, "percent_covered_display": "67", "missing_lines": 1, "excluded_lines": 0, "percent_statements_covered": 66.66666666666667, "percent_statements_covered_display": "67"}, "missing_lines": [35], "excluded_lines": [], "start_line": 31}, "ClimatizadorModelo.to_dict": {"executed_lines": [], "summary": {"covered_lines": 0, "num_statements": 1, "percent_covered": 0.0, "percent_covered_display": "0", "missing_lines": 1, "excluded_lines": 0, "percent_statements_covered": 0.0, "percent_statements_covered_display": "0"}, "missing_lines": [47], "excluded_lines": [], "start_line": 40}, "ClimatizadorModelo.esta_calentando": {"executed_lines": [], "summary": {"covered_lines": 0, "num_statements": 1, "percent_covered": 0.0, "percent_covered_display": "0", "missing_lines": 1, "excluded_lines": 0, "percent_statements_covered": 0.0, "percent_statements_covered_display": "0"}, "missing_lines": [55], "excluded_lines": [], "start_line": 53}, "ClimatizadorModelo.esta_enfriando": {"executed_lines": [], "summary": {"covered_lines": 0, "num_statements": 1, "percent_covered": 0.0, "percent_covered_display": "0", "missing_lines": 1, "excluded_lines": 0, "percent_statements_covered": 0.0, "percent_statements_covered_display": "0"}, "missing_lines": [60], "excluded_lines": [], "start_line": 58}, "ClimatizadorModelo.esta_en_reposo": {"executed_lines": [], "summary": {"covered_lines": 0, "num_statements": 1, "percent_covered": 0.0, "percent_covered_display": "0", "missing_lines": 1, "excluded_lines": 0, "percent_statements_covered": 0.0, "percent_statements_covered_display": "0"}, "missing_lines": [65], "excluded_lines": [], "start_line": 63}, "ClimatizadorModelo.esta_apagado": {"executed_lines": [], "summary": {"covered_lines": 0, "num_statements": 1, "percent_covered": 0.0, "percent_covered_display": "0", "missing_lines": 1, "excluded_lines": 0, "percent_statements_covered": 0.0, "percent_statements_covered_display": "0"}, "missing_lines": [70], "excluded_lines": [], "start_line": 68}, "": {"executed_lines": [8, 12, 13, 14, 15, 18, 19, 28, 29, 31, 40, 52, 53, 57, 58, 62, 63, 67, 68], "summary": {"covered_lines": 19, "num_statements": 19, "percent_covered": 100.0, "percent_covered_display": "100", "missing_lines": 0, "excluded_lines": 0, "percent_statements_covered": 100.0, "percent_statements_covered_display": "100"}, "missing_lines": [], "excluded_lines": [], "start_line": 1}}, "classes": {"ClimatizadorModelo": {"executed_lines": [33, 34], "summary": {"covered_lines": 2, "num_statements": 8, "percent_covered": 25.0, "percent_covered_display": "25", "missing_lines": 6, "excluded_lines": 0, "percent_statements_covered": 25.0, "percent_statements_covered_display": "25"}, "missing_lines": [35, 47, 55, 60, 65, 70], "excluded_lines": [], "start_line": 19}, "": {"executed_lines": [8, 12, 13, 14, 15, 18, 19, 28, 29, 31, 40, 52, 53, 57, 58, 62, 63, 67, 68], "summary": {"covered_lines": 19, "num_statements": 19, "percent_covered": 100.0, "percent_covered_display": "100", "missing_lines": 0, "excluded_lines": 0, "percent_statements_covered": 100.0, "percent_statements_covered_display": "100"}, "missing_lines": [], "excluded_lines": [], "start_line": 1}}}, "app/presentacion/paneles/climatizador/vista.py": {"executed_lines": [8, 9, 10, 12, 20, 32, 34, 35, 36, 38, 41, 42, 43, 46, 47, 48, 51, 52, 53, 55, 56, 58, 71, 72, 75, 76, 77, 78, 81, 82, 83, 84, 85, 86, 89, 90, 91, 92, 93, 94, 95, 98, 99, 101, 102, 104, 106, 150, 158, 161, 163, 165, 169, 171, 180, 181, 182, 185, 186, 187, 190, 193, 196, 201, 202, 203, 204, 205, 206, 208, 230, 237], "summary": {"covered_lines": 72, "num_statements": 94, "percent_covered": 76.59574468085107, "percent_covered_display": "77", "missing_lines": 22, "excluded_lines": 0, "percent_statements_covered": 76.59574468085107, "percent_statements_covered_display": "77"}, "missing_lines": [160, 162, 164, 166, 191, 192, 194, 197, 198, 216, 217, 219, 220, 221, 222, 223, 224, 225, 226, 228, 238, 239], "excluded_lines": [], "functions": {"ClimatizadorVista.__init__": {"executed_lines": [34, 35, 36], "summary": {"covered_lines": 3, "num_statements": 3, "percent_covered": 100.0, "percent_covered_display": "100", "missing_lines": 0, "excluded_lines": 0, "percent_statements_covered": 100.0, "percent_statements_covered_display": "100"}, "missing_lines": [], "excluded_lines": [], "start_line": 32}, "ClimatizadorVista._setup_ui": {"executed_lines": [41, 42, 43, 46, 47, 48, 51, 52, 53, 55, 56], "summary": {"covered_lines": 11, "num_statements": 11, "percent_covered": 100.0, "percent_covered_display": "100", "missing_lines": 0, "excluded_lines": 0, "percent_statements_covered": 100.0, "percent_statements_covered_display": "100"}, "missing_lines": [], "excluded_lines": [], "start_line": 38}, "ClimatizadorVista._crear_indicador": {"executed_lines": [71, 72, 75, 76, 77, 78, 81, 82, 83, 84, 85, 86, 89, 90, 91, 92, 93, 94, 95, 98, 99, 101, 102], "summary": {"covered_lines": 23, "num_statements": 23, "percent_covered": 100.0, "percent_covered_display": "100", "missing_lines": 0, "excluded_lines": 0, "percent_statements_covered": 100.0, "percent_statements_covered_display": "100"}, "missing_lines": [], "excluded_lines": [], "start_line": 58}, "ClimatizadorVista._aplicar_estilos": {"executed_lines": [106], "summary": {"covered_lines": 1, "num_statements": 1, "percent_covered": 100.0, "percent_covered_display": "100", "missing_lines": 0, "excluded_lines": 0, "percent_statements_covered": 100.0, "percent_statements_covered_display": "100"}, "missing_lines": [], "excluded_lines": [], "start_line": 104}, "ClimatizadorVista.actualizar": {"executed_lines": [158, 161, 163, 165, 169], "summary": {"covered_lines": 5, "num_statements": 9, "percent_covered": 55.55555555555556, "percent_covered_display": "56", "missing_lines": 4, "excluded_lines": 0, "percent_statements_covered": 55.55555555555556, "percent_statements_covered_display": "56"}, "missing_lines": [160, 162, 164, 166], "excluded_lines": [], "start_line": 150}, "ClimatizadorVista._set_indicador_activo": {"executed_lines": [180, 181, 182, 185, 186, 187, 190, 193, 196, 201, 202, 203, 204, 205, 206], "summary": {"covered_lines": 15, "num_statements": 20, "percent_covered": 75.0, "percent_covered_display": "75", "missing_lines": 5, "excluded_lines": 0, "percent_statements_covered": 75.0, "percent_statements_covered_display": "75"}, "missing_lines": [191, 192, 194, 197, 198], "excluded_lines": [], "start_line": 171}, "ClimatizadorVista._iniciar_animacion": {"executed_lines": [], "summary": {"covered_lines": 0, "num_statements": 11, "percent_covered": 0.0, "percent_covered_display": "0", "missing_lines": 11, "excluded_lines": 0, "percent_statements_covered": 0.0, "percent_statements_covered_display": "0"}, "missing_lines": [216, 217, 219, 220, 221, 222, 223, 224, 225, 226, 228], "excluded_lines": [], "start_line": 208}, "ClimatizadorVista._detener_animacion": {"executed_lines": [237], "summary": {"covered_lines": 1, "num_statements": 3, "percent_covered": 33.333333333333336, "percent_covered_display": "33", "missing_lines": 2, "excluded_lines": 0, "percent_statements_covered": 33.333333333333336, "percent_statements_covered_display": "33"}, "missing_lines": [238, 239], "excluded_lines": [], "start_line": 230}, "": {"executed_lines": [8, 9, 10, 12, 20, 32, 38, 58, 104, 150, 171, 208, 230], "summary": {"covered_lines": 13, "num_statements": 13, "percent_covered": 100.0, "percent_covered_display": "100", "missing_lines": 0, "excluded_lines": 0, "percent_statements_covered": 100.0, "percent_statements_covered_display": "100"}, "missing_lines": [], "excluded_lines": [], "start_line": 1}}, "classes": {"ClimatizadorVista": {"executed_lines": [34, 35, 36, 41, 42, 43, 46, 47, 48, 51, 52, 53, 55, 56, 71, 72, 75, 76, 77, 78, 81, 82, 83, 84, 85, 86, 89, 90, 91, 92, 93, 94, 95, 98, 99, 101, 102, 106, 158, 161, 163, 165, 169, 180, 181, 182, 185, 186, 187, 190, 193, 196, 201, 202, 203, 204, 205, 206, 237], "summary": {"covered_lines": 59, "num_statements": 81, "percent_covered": 72.8395061728395, "percent_covered_display": "73", "missing_lines": 22, "excluded_lines": 0, "percent_statements_covered": 72.8395061728395, "percent_statements_covered_display": "73"}, "missing_lines": [160, 162, 164, 166, 191, 192, 194, 197, 198, 216, 217, 219, 220, 221, 222, 223, 224, 225, 226, 228, 238, 239], "excluded_lines": [], "start_line": 20}, "": {"executed_lines": [8, 9, 10, 12, 20, 32, 38, 58, 104, 150, 171, 208, 230], "summary": {"covered_lines": 13, "num_statements": 13, "percent_covered": 100.0, "percent_covered_display": "100", "missing_lines": 0, "excluded_lines": 0, "percent_statements_covered": 100.0, "percent_statements_covered_display": "100"}, "missing_lines": [], "excluded_lines": [], "start_line": 1}}}, "app/presentacion/paneles/control_temp/__init__.py": {"executed_lines": [7, 8, 9, 11], "summary": {"covered_lines": 4, "num_statements": 4, "percent_covered": 100.0, "percent_covered_display": "100", "missing_lines": 0, "excluded_lines": 0, "percent_statements_covered": 100.0, "percent_statements_covered_display": "100"}, "missing_lines": [], "excluded_lines": [], "functions": {"": {"executed_lines": [7, 8, 9, 11], "summary": {"covered_lines": 4, "num_statements": 4, "percent_covered": 100.0, "percent_covered_display": "100", "missing_lines": 0, "excluded_lines": 0, "percent_statements_covered": 100.0, "percent_statements_covered_display": "100"}, "missing_lines": [], "excluded_lines": [], "start_line": 1}}, "classes": {"": {"executed_lines": [7, 8, 9, 11], "summary": {"covered_lines": 4, "num_statements": 4, "percent_covered": 100.0, "percent_covered_display": "100", "missing_lines": 0, "excluded_lines": 0, "percent_statements_covered": 100.0, "percent_statements_covered_display": "100"}, "missing_lines": [], "excluded_lines": [], "start_line": 1}}}, "app/presentacion/paneles/control_temp/controlador.py": {"executed_lines": [8, 9, 10, 12, 13, 16, 30, 31, 33, 41, 42, 43, 46, 47, 50, 52, 53, 55, 57, 58, 60, 62, 100, 138, 158, 186], "summary": {"covered_lines": 26, "num_statements": 51, "percent_covered": 50.98039215686274, "percent_covered_display": "51", "missing_lines": 25, "excluded_lines": 0, "percent_statements_covered": 50.98039215686274, "percent_statements_covered_display": "51"}, "missing_lines": [78, 79, 82, 85, 88, 91, 94, 97, 98, 116, 117, 120, 123, 126, 129, 132, 135, 136, 153, 156, 175, 178, 181, 184, 204], "excluded_lines": [], "functions": {"ControlTempControlador.__init__": {"executed_lines": [41, 42, 43, 46, 47, 50], "summary": {"covered_lines": 6, "num_statements": 6, "percent_covered": 100.0, "percent_covered_display": "100", "missing_lines": 0, "excluded_lines": 0, "percent_statements_covered": 100.0, "percent_statements_covered_display": "100"}, "missing_lines": [], "excluded_lines": [], "start_line": 33}, "ControlTempControlador.modelo": {"executed_lines": [55], "summary": {"covered_lines": 1, "num_statements": 1, "percent_covered": 100.0, "percent_covered_display": "100", "missing_lines": 0, "excluded_lines": 0, "percent_statements_covered": 100.0, "percent_statements_covered_display": "100"}, "missing_lines": [], "excluded_lines": [], "start_line": 53}, "ControlTempControlador.vista": {"executed_lines": [60], "summary": {"covered_lines": 1, "num_statements": 1, "percent_covered": 100.0, "percent_covered_display": "100", "missing_lines": 0, "excluded_lines": 0, "percent_statements_covered": 100.0, "percent_statements_covered_display": "100"}, "missing_lines": [], "excluded_lines": [], "start_line": 58}, "ControlTempControlador.aumentar_temperatura": {"executed_lines": [], "summary": {"covered_lines": 0, "num_statements": 9, "percent_covered": 0.0, "percent_covered_display": "0", "missing_lines": 9, "excluded_lines": 0, "percent_statements_covered": 0.0, "percent_statements_covered_display": "0"}, "missing_lines": [78, 79, 82, 85, 88, 91, 94, 97, 98], "excluded_lines": [], "start_line": 62}, "ControlTempControlador.disminuir_temperatura": {"executed_lines": [], "summary": {"covered_lines": 0, "num_statements": 9, "percent_covered": 0.0, "percent_covered_display": "0", "missing_lines": 9, "excluded_lines": 0, "percent_statements_covered": 0.0, "percent_statements_covered_display": "0"}, "missing_lines": [116, 117, 120, 123, 126, 129, 132, 135, 136], "excluded_lines": [], "start_line": 100}, "ControlTempControlador.set_habilitado": {"executed_lines": [], "summary": {"covered_lines": 0, "num_statements": 2, "percent_covered": 0.0, "percent_covered_display": "0", "missing_lines": 2, "excluded_lines": 0, "percent_statements_covered": 0.0, "percent_statements_covered_display": "0"}, "missing_lines": [153, 156], "excluded_lines": [], "start_line": 138}, "ControlTempControlador.set_temperatura_actual": {"executed_lines": [], "summary": {"covered_lines": 0, "num_statements": 4, "percent_covered": 0.0, "percent_covered_display": "0", "missing_lines": 4, "excluded_lines": 0, "percent_statements_covered": 0.0, "percent_statements_covered_display": "0"}, "missing_lines": [175, 178, 181, 184], "excluded_lines": [], "start_line": 158}, "ControlTempControlador._generar_comando_temperatura": {"executed_lines": [], "summary": {"covered_lines": 0, "num_statements": 1, "percent_covered": 0.0, "percent_covered_display": "0", "missing_lines": 1, "excluded_lines": 0, "percent_statements_covered": 0.0, "percent_statements_covered_display": "0"}, "missing_lines": [204], "excluded_lines": [], "start_line": 186}, "": {"executed_lines": [8, 9, 10, 12, 13, 16, 30, 31, 33, 52, 53, 57, 58, 62, 100, 138, 158, 186], "summary": {"covered_lines": 18, "num_statements": 18, "percent_covered": 100.0, "percent_covered_display": "100", "missing_lines": 0, "excluded_lines": 0, "percent_statements_covered": 100.0, "percent_statements_covered_display": "100"}, "missing_lines": [], "excluded_lines": [], "start_line": 1}}, "classes": {"ControlTempControlador": {"executed_lines": [41, 42, 43, 46, 47, 50, 55, 60], "summary": {"covered_lines": 8, "num_statements": 33, "percent_covered": 24.242424242424242, "percent_covered_display": "24", "missing_lines": 25, "excluded_lines": 0, "percent_statements_covered": 24.242424242424242, "percent_statements_covered_display": "24"}, "missing_lines": [78, 79, 82, 85, 88, 91, 94, 97, 98, 116, 117, 120, 123, 126, 129, 132, 135, 136, 153, 156, 175, 178, 181, 184, 204], "excluded_lines": [], "start_line": 16}, "": {"executed_lines": [8, 9, 10, 12, 13, 16, 30, 31, 33, 52, 53, 57, 58, 62, 100, 138, 158, 186], "summary": {"covered_lines": 18, "num_statements": 18, "percent_covered": 100.0, "percent_covered_display": "100", "missing_lines": 0, "excluded_lines": 0, "percent_statements_covered": 100.0, "percent_statements_covered_display": "100"}, "missing_lines": [], "excluded_lines": [], "start_line": 1}}}, "app/presentacion/paneles/control_temp/modelo.py": {"executed_lines": [8, 11, 12, 31, 32, 33, 34, 35, 37, 53, 55, 71, 73], "summary": {"covered_lines": 13, "num_statements": 14, "percent_covered": 92.85714285714286, "percent_covered_display": "93", "missing_lines": 1, "excluded_lines": 0, "percent_statements_covered": 92.85714285714286, "percent_statements_covered_display": "93"}, "missing_lines": [89], "excluded_lines": [], "functions": {"ControlTempModelo.puede_aumentar": {"executed_lines": [53], "summary": {"covered_lines": 1, "num_statements": 1, "percent_covered": 100.0, "percent_covered_display": "100", "missing_lines": 0, "excluded_lines": 0, "percent_statements_covered": 100.0, "percent_statements_covered_display": "100"}, "missing_lines": [], "excluded_lines": [], "start_line": 37}, "ControlTempModelo.puede_disminuir": {"executed_lines": [71], "summary": {"covered_lines": 1, "num_statements": 1, "percent_covered": 100.0, "percent_covered_display": "100", "missing_lines": 0, "excluded_lines": 0, "percent_statements_covered": 100.0, "percent_statements_covered_display": "100"}, "missing_lines": [], "excluded_lines": [], "start_line": 55}, "ControlTempModelo.to_dict": {"executed_lines": [], "summary": {"covered_lines": 0, "num_statements": 1, "percent_covered": 0.0, "percent_covered_display": "0", "missing_lines": 1, "excluded_lines": 0, "percent_statements_covered": 0.0, "percent_statements_covered_display": "0"}, "missing_lines": [89], "excluded_lines": [], "start_line": 73}, "": {"executed_lines": [8, 11, 12, 31, 32, 33, 34, 35, 37, 55, 73], "summary": {"covered_lines": 11, "num_statements": 11, "percent_covered": 100.0, "percent_covered_display": "100", "missing_lines": 0, "excluded_lines": 0, "percent_statements_covered": 100.0, "percent_statements_covered_display": "100"}, "missing_lines": [], "excluded_lines": [], "start_line": 1}}, "classes": {"ControlTempModelo": {"executed_lines": [53, 71], "summary": {"covered_lines": 2, "num_statements": 3, "percent_covered": 66.66666666666667, "percent_covered_display": "67", "missing_lines": 1, "excluded_lines": 0, "percent_statements_covered": 66.66666666666667, "percent_statements_covered_display": "67"}, "missing_lines": [89], "excluded_lines": [], "start_line": 12}, "": {"executed_lines": [8, 11, 12, 31, 32, 33, 34, 35, 37, 55, 73], "summary": {"covered_lines": 11, "num_statements": 11, "percent_covered": 100.0, "percent_covered_display": "100", "missing_lines": 0, "excluded_lines": 0, "percent_statements_covered": 100.0, "percent_statements_covered_display": "100"}, "missing_lines": [], "excluded_lines": [], "start_line": 1}}}, "app/presentacion/paneles/control_temp/vista.py": {"executed_lines": [8, 9, 10, 12, 15, 27, 29, 30, 32, 35, 36, 37, 40, 41, 42, 43, 44, 45, 46, 49, 50, 51, 52, 53, 54, 55, 58, 59, 62, 63, 64, 65, 68, 69, 70, 71, 74, 75, 78, 79, 80, 81, 82, 83, 84, 87, 88, 91, 92, 93, 95, 98, 99, 101, 108, 138, 149, 151, 158, 188, 199, 201, 214, 217, 220, 221, 224, 225], "summary": {"covered_lines": 68, "num_statements": 73, "percent_covered": 93.15068493150685, "percent_covered_display": "93", "missing_lines": 5, "excluded_lines": 0, "percent_statements_covered": 93.15068493150685, "percent_statements_covered_display": "93"}, "missing_lines": [109, 136, 159, 186, 215], "excluded_lines": [], "functions": {"ControlTempVista.__init__": {"executed_lines": [29, 30], "summary": {"covered_lines": 2, "num_statements": 2, "percent_covered": 100.0, "percent_covered_display": "100", "missing_lines": 0, "excluded_lines": 0, "percent_statements_covered": 100.0, "percent_statements_covered_display": "100"}, "missing_lines": [], "excluded_lines": [], "start_line": 27}, "ControlTempVista._setup_ui": {"executed_lines": [35, 36, 37, 40, 41, 42, 43, 44, 45, 46, 49, 50, 51, 52, 53, 54, 55, 58, 59, 62, 63, 64, 65, 68, 69, 70, 71, 74, 75, 78, 79, 80, 81, 82, 83, 84, 87, 88, 91, 92, 93, 95, 98, 99], "summary": {"covered_lines": 44, "num_statements": 44, "percent_covered": 100.0, "percent_covered_display": "100", "missing_lines": 0, "excluded_lines": 0, "percent_statements_covered": 100.0, "percent_statements_covered_display": "100"}, "missing_lines": [], "excluded_lines": [], "start_line": 32}, "ControlTempVista._aplicar_estilo_subir": {"executed_lines": [108, 138, 149], "summary": {"covered_lines": 3, "num_statements": 5, "percent_covered": 60.0, "percent_covered_display": "60", "missing_lines": 2, "excluded_lines": 0, "percent_statements_covered": 60.0, "percent_statements_covered_display": "60"}, "missing_lines": [109, 136], "excluded_lines": [], "start_line": 101}, "ControlTempVista._aplicar_estilo_bajar": {"executed_lines": [158, 188, 199], "summary": {"covered_lines": 3, "num_statements": 5, "percent_covered": 60.0, "percent_covered_display": "60", "missing_lines": 2, "excluded_lines": 0, "percent_statements_covered": 60.0, "percent_statements_covered_display": "60"}, "missing_lines": [159, 186], "excluded_lines": [], "start_line": 151}, "ControlTempVista.actualizar": {"executed_lines": [214, 217, 220, 221, 224, 225], "summary": {"covered_lines": 6, "num_statements": 7, "percent_covered": 85.71428571428571, "percent_covered_display": "86", "missing_lines": 1, "excluded_lines": 0, "percent_statements_covered": 85.71428571428571, "percent_statements_covered_display": "86"}, "missing_lines": [215], "excluded_lines": [], "start_line": 201}, "": {"executed_lines": [8, 9, 10, 12, 15, 27, 32, 101, 151, 201], "summary": {"covered_lines": 10, "num_statements": 10, "percent_covered": 100.0, "percent_covered_display": "100", "missing_lines": 0, "excluded_lines": 0, "percent_statements_covered": 100.0, "percent_statements_covered_display": "100"}, "missing_lines": [], "excluded_lines": [], "start_line": 1}}, "classes": {"ControlTempVista": {"executed_lines": [29, 30, 35, 36, 37, 40, 41, 42, 43, 44, 45, 46, 49, 50, 51, 52, 53, 54, 55, 58, 59, 62, 63, 64, 65, 68, 69, 70, 71, 74, 75, 78, 79, 80, 81, 82, 83, 84, 87, 88, 91, 92, 93, 95, 98, 99, 108, 138, 149, 158, 188, 199, 214, 217, 220, 221, 224, 225], "summary": {"covered_lines": 58, "num_statements": 63, "percent_covered": 92.06349206349206, "percent_covered_display": "92", "missing_lines": 5, "excluded_lines": 0, "percent_statements_covered": 92.06349206349206, "percent_statements_covered_display": "92"}, "missing_lines": [109, 136, 159, 186, 215], "excluded_lines": [], "start_line": 15}, "": {"executed_lines": [8, 9, 10, 12, 15, 27, 32, 101, 151, 201], "summary": {"covered_lines": 10, "num_statements": 10, "percent_covered": 100.0, "percent_covered_display": "100", "missing_lines": 0, "excluded_lines": 0, "percent_statements_covered": 100.0, "percent_statements_covered_display": "100"}, "missing_lines": [], "excluded_lines": [], "start_line": 1}}}, "app/presentacion/paneles/display/__init__.py": {"executed_lines": [8, 9, 10, 12], "summary": {"covered_lines": 4, "num_statements": 4, "percent_covered": 100.0, "percent_covered_display": "100", "missing_lines": 0, "excluded_lines": 0, "percent_statements_covered": 100.0, "percent_statements_covered_display": "100"}, "missing_lines": [], "excluded_lines": [], "functions": {"": {"executed_lines": [8, 9, 10, 12], "summary": {"covered_lines": 4, "num_statements": 4, "percent_covered": 100.0, "percent_covered_display": "100", "missing_lines": 0, "excluded_lines": 0, "percent_statements_covered": 100.0, "percent_statements_covered_display": "100"}, "missing_lines": [], "excluded_lines": [], "start_line": 1}}, "classes": {"": {"executed_lines": [8, 9, 10, 12], "summary": {"covered_lines": 4, "num_statements": 4, "percent_covered": 100.0, "percent_covered_display": "100", "missing_lines": 0, "excluded_lines": 0, "percent_statements_covered": 100.0, "percent_statements_covered_display": "100"}, "missing_lines": [], "excluded_lines": [], "start_line": 1}}}, "app/presentacion/paneles/display/controlador.py": {"executed_lines": [8, 9, 11, 12, 15, 27, 28, 30, 38, 39, 40, 43, 45, 46, 48, 50, 51, 53, 55, 71, 93, 106, 119], "summary": {"covered_lines": 23, "num_statements": 40, "percent_covered": 57.5, "percent_covered_display": "58", "missing_lines": 17, "excluded_lines": 0, "percent_statements_covered": 57.5, "percent_statements_covered_display": "58"}, "missing_lines": [63, 66, 69, 81, 82, 85, 88, 91, 101, 104, 114, 117, 130, 131, 133, 136, 139], "excluded_lines": [], "functions": {"DisplayControlador.__init__": {"executed_lines": [38, 39, 40, 43], "summary": {"covered_lines": 4, "num_statements": 4, "percent_covered": 100.0, "percent_covered_display": "100", "missing_lines": 0, "excluded_lines": 0, "percent_statements_covered": 100.0, "percent_statements_covered_display": "100"}, "missing_lines": [], "excluded_lines": [], "start_line": 30}, "DisplayControlador.modelo": {"executed_lines": [48], "summary": {"covered_lines": 1, "num_statements": 1, "percent_covered": 100.0, "percent_covered_display": "100", "missing_lines": 0, "excluded_lines": 0, "percent_statements_covered": 100.0, "percent_statements_covered_display": "100"}, "missing_lines": [], "excluded_lines": [], "start_line": 46}, "DisplayControlador.vista": {"executed_lines": [53], "summary": {"covered_lines": 1, "num_statements": 1, "percent_covered": 100.0, "percent_covered_display": "100", "missing_lines": 0, "excluded_lines": 0, "percent_statements_covered": 100.0, "percent_statements_covered_display": "100"}, "missing_lines": [], "excluded_lines": [], "start_line": 51}, "DisplayControlador.actualizar_temperatura": {"executed_lines": [], "summary": {"covered_lines": 0, "num_statements": 3, "percent_covered": 0.0, "percent_covered_display": "0", "missing_lines": 3, "excluded_lines": 0, "percent_statements_covered": 0.0, "percent_statements_covered_display": "0"}, "missing_lines": [63, 66, 69], "excluded_lines": [], "start_line": 55}, "DisplayControlador.cambiar_modo_vista": {"executed_lines": [], "summary": {"covered_lines": 0, "num_statements": 5, "percent_covered": 0.0, "percent_covered_display": "0", "missing_lines": 5, "excluded_lines": 0, "percent_statements_covered": 0.0, "percent_statements_covered_display": "0"}, "missing_lines": [81, 82, 85, 88, 91], "excluded_lines": [], "start_line": 71}, "DisplayControlador.set_encendido": {"executed_lines": [], "summary": {"covered_lines": 0, "num_statements": 2, "percent_covered": 0.0, "percent_covered_display": "0", "missing_lines": 2, "excluded_lines": 0, "percent_statements_covered": 0.0, "percent_statements_covered_display": "0"}, "missing_lines": [101, 104], "excluded_lines": [], "start_line": 93}, "DisplayControlador.set_error_sensor": {"executed_lines": [], "summary": {"covered_lines": 0, "num_statements": 2, "percent_covered": 0.0, "percent_covered_display": "0", "missing_lines": 2, "excluded_lines": 0, "percent_statements_covered": 0.0, "percent_statements_covered_display": "0"}, "missing_lines": [114, 117], "excluded_lines": [], "start_line": 106}, "DisplayControlador.actualizar_desde_estado": {"executed_lines": [], "summary": {"covered_lines": 0, "num_statements": 5, "percent_covered": 0.0, "percent_covered_display": "0", "missing_lines": 5, "excluded_lines": 0, "percent_statements_covered": 0.0, "percent_statements_covered_display": "0"}, "missing_lines": [130, 131, 133, 136, 139], "excluded_lines": [], "start_line": 119}, "": {"executed_lines": [8, 9, 11, 12, 15, 27, 28, 30, 45, 46, 50, 51, 55, 71, 93, 106, 119], "summary": {"covered_lines": 17, "num_statements": 17, "percent_covered": 100.0, "percent_covered_display": "100", "missing_lines": 0, "excluded_lines": 0, "percent_statements_covered": 100.0, "percent_statements_covered_display": "100"}, "missing_lines": [], "excluded_lines": [], "start_line": 1}}, "classes": {"DisplayControlador": {"executed_lines": [38, 39, 40, 43, 48, 53], "summary": {"covered_lines": 6, "num_statements": 23, "percent_covered": 26.08695652173913, "percent_covered_display": "26", "missing_lines": 17, "excluded_lines": 0, "percent_statements_covered": 26.08695652173913, "percent_statements_covered_display": "26"}, "missing_lines": [63, 66, 69, 81, 82, 85, 88, 91, 101, 104, 114, 117, 130, 131, 133, 136, 139], "excluded_lines": [], "start_line": 15}, "": {"executed_lines": [8, 9, 11, 12, 15, 27, 28, 30, 45, 46, 50, 51, 55, 71, 93, 106, 119], "summary": {"covered_lines": 17, "num_statements": 17, "percent_covered": 100.0, "percent_covered_display": "100", "missing_lines": 0, "excluded_lines": 0, "percent_statements_covered": 100.0, "percent_statements_covered_display": "100"}, "missing_lines": [], "excluded_lines": [], "start_line": 1}}}, "app/presentacion/paneles/display/modelo.py": {"executed_lines": [8, 11, 12, 23, 24, 25, 26, 28, 30, 36], "summary": {"covered_lines": 10, "num_statements": 12, "percent_covered": 83.33333333333333, "percent_covered_display": "83", "missing_lines": 2, "excluded_lines": 0, "percent_statements_covered": 83.33333333333333, "percent_statements_covered_display": "83"}, "missing_lines": [31, 43], "excluded_lines": [], "functions": {"DisplayModelo.__post_init__": {"executed_lines": [30], "summary": {"covered_lines": 1, "num_statements": 2, "percent_covered": 50.0, "percent_covered_display": "50", "missing_lines": 1, "excluded_lines": 0, "percent_statements_covered": 50.0, "percent_statements_covered_display": "50"}, "missing_lines": [31], "excluded_lines": [], "start_line": 28}, "DisplayModelo.to_dict": {"executed_lines": [], "summary": {"covered_lines": 0, "num_statements": 1, "percent_covered": 0.0, "percent_covered_display": "0", "missing_lines": 1, "excluded_lines": 0, "percent_statements_covered": 0.0, "percent_statements_covered_display": "0"}, "missing_lines": [43], "excluded_lines": [], "start_line": 36}, "": {"executed_lines": [8, 11, 12, 23, 24, 25, 26, 28, 36], "summary": {"covered_lines": 9, "num_statements": 9, "percent_covered": 100.0, "percent_covered_display": "100", "missing_lines": 0, "excluded_lines": 0, "percent_statements_covered": 100.0, "percent_statements_covered_display": "100"}, "missing_lines": [], "excluded_lines": [], "start_line": 1}}, "classes": {"DisplayModelo": {"executed_lines": [30], "summary": {"covered_lines": 1, "num_statements": 3, "percent_covered": 33.333333333333336, "percent_covered_display": "33", "missing_lines": 2, "excluded_lines": 0, "percent_statements_covered": 33.333333333333336, "percent_statements_covered_display": "33"}, "missing_lines": [31, 43], "excluded_lines": [], "start_line": 12}, "": {"executed_lines": [8, 11, 12, 23, 24, 25, 26, 28, 36], "summary": {"covered_lines": 9, "num_statements": 9, "percent_covered": 100.0, "percent_covered_display": "100", "missing_lines": 0, "excluded_lines": 0, "percent_statements_covered": 100.0, "percent_statements_covered_display": "100"}, "missing_lines": [], "excluded_lines": [], "start_line": 1}}}, "app/presentacion/paneles/display/vista.py": {"executed_lines": [8, 9, 10, 12, 15, 27, 29, 30, 31, 33, 36, 37, 38, 41, 42, 43, 46, 47, 48, 49, 52, 53, 54, 57, 58, 59, 60, 63, 64, 65, 66, 67, 68, 71, 72, 73, 74, 75, 76, 77, 78, 81, 82, 83, 84, 87, 88, 90, 91, 93, 95, 133, 141, 142, 143, 144, 145, 146, 147], "summary": {"covered_lines": 59, "num_statements": 72, "percent_covered": 81.94444444444444, "percent_covered_display": "82", "missing_lines": 13, "excluded_lines": 0, "percent_statements_covered": 81.94444444444444, "percent_statements_covered_display": "82"}, "missing_lines": [150, 151, 152, 153, 154, 155, 158, 159, 160, 163, 166, 167, 169], "excluded_lines": [], "functions": {"DisplayVista.__init__": {"executed_lines": [29, 30, 31], "summary": {"covered_lines": 3, "num_statements": 3, "percent_covered": 100.0, "percent_covered_display": "100", "missing_lines": 0, "excluded_lines": 0, "percent_statements_covered": 100.0, "percent_statements_covered_display": "100"}, "missing_lines": [], "excluded_lines": [], "start_line": 27}, "DisplayVista._setup_ui": {"executed_lines": [36, 37, 38, 41, 42, 43, 46, 47, 48, 49, 52, 53, 54, 57, 58, 59, 60, 63, 64, 65, 66, 67, 68, 71, 72, 73, 74, 75, 76, 77, 78, 81, 82, 83, 84, 87, 88, 90, 91], "summary": {"covered_lines": 39, "num_statements": 39, "percent_covered": 100.0, "percent_covered_display": "100", "missing_lines": 0, "excluded_lines": 0, "percent_statements_covered": 100.0, "percent_statements_covered_display": "100"}, "missing_lines": [], "excluded_lines": [], "start_line": 33}, "DisplayVista._aplicar_estilos": {"executed_lines": [95], "summary": {"covered_lines": 1, "num_statements": 1, "percent_covered": 100.0, "percent_covered_display": "100", "missing_lines": 0, "excluded_lines": 0, "percent_statements_covered": 100.0, "percent_statements_covered_display": "100"}, "missing_lines": [], "excluded_lines": [], "start_line": 93}, "DisplayVista.actualizar": {"executed_lines": [141, 142, 143, 144, 145, 146, 147], "summary": {"covered_lines": 7, "num_statements": 20, "percent_covered": 35.0, "percent_covered_display": "35", "missing_lines": 13, "excluded_lines": 0, "percent_statements_covered": 35.0, "percent_statements_covered_display": "35"}, "missing_lines": [150, 151, 152, 153, 154, 155, 158, 159, 160, 163, 166, 167, 169], "excluded_lines": [], "start_line": 133}, "": {"executed_lines": [8, 9, 10, 12, 15, 27, 33, 93, 133], "summary": {"covered_lines": 9, "num_statements": 9, "percent_covered": 100.0, "percent_covered_display": "100", "missing_lines": 0, "excluded_lines": 0, "percent_statements_covered": 100.0, "percent_statements_covered_display": "100"}, "missing_lines": [], "excluded_lines": [], "start_line": 1}}, "classes": {"DisplayVista": {"executed_lines": [29, 30, 31, 36, 37, 38, 41, 42, 43, 46, 47, 48, 49, 52, 53, 54, 57, 58, 59, 60, 63, 64, 65, 66, 67, 68, 71, 72, 73, 74, 75, 76, 77, 78, 81, 82, 83, 84, 87, 88, 90, 91, 95, 141, 142, 143, 144, 145, 146, 147], "summary": {"covered_lines": 50, "num_statements": 63, "percent_covered": 79.36507936507937, "percent_covered_display": "79", "missing_lines": 13, "excluded_lines": 0, "percent_statements_covered": 79.36507936507937, "percent_statements_covered_display": "79"}, "missing_lines": [150, 151, 152, 153, 154, 155, 158, 159, 160, 163, 166, 167, 169], "excluded_lines": [], "start_line": 15}, "": {"executed_lines": [8, 9, 10, 12, 15, 27, 33, 93, 133], "summary": {"covered_lines": 9, "num_statements": 9, "percent_covered": 100.0, "percent_covered_display": "100", "missing_lines": 0, "excluded_lines": 0, "percent_statements_covered": 100.0, "percent_statements_covered_display": "100"}, "missing_lines": [], "excluded_lines": [], "start_line": 1}}}, "app/presentacion/paneles/indicadores/__init__.py": {"executed_lines": [8, 9, 10, 12], "summary": {"covered_lines": 4, "num_statements": 4, "percent_covered": 100.0, "percent_covered_display": "100", "missing_lines": 0, "excluded_lines": 0, "percent_statements_covered": 100.0, "percent_statements_covered_display": "100"}, "missing_lines": [], "excluded_lines": [], "functions": {"": {"executed_lines": [8, 9, 10, 12], "summary": {"covered_lines": 4, "num_statements": 4, "percent_covered": 100.0, "percent_covered_display": "100", "missing_lines": 0, "excluded_lines": 0, "percent_statements_covered": 100.0, "percent_statements_covered_display": "100"}, "missing_lines": [], "excluded_lines": [], "start_line": 1}}, "classes": {"": {"executed_lines": [8, 9, 10, 12], "summary": {"covered_lines": 4, "num_statements": 4, "percent_covered": 100.0, "percent_covered_display": "100", "missing_lines": 0, "excluded_lines": 0, "percent_statements_covered": 100.0, "percent_statements_covered_display": "100"}, "missing_lines": [], "excluded_lines": [], "start_line": 1}}}, "app/presentacion/paneles/indicadores/controlador.py": {"executed_lines": [9, 10, 12, 13, 16, 28, 29, 31, 39, 40, 41, 44, 46, 47, 49, 51, 52, 54, 56, 78, 100], "summary": {"covered_lines": 21, "num_statements": 47, "percent_covered": 44.680851063829785, "percent_covered_display": "45", "missing_lines": 26, "excluded_lines": 0, "percent_statements_covered": 44.680851063829785, "percent_statements_covered_display": "45"}, "missing_lines": [64, 67, 70, 73, 74, 75, 76, 86, 89, 92, 95, 96, 97, 98, 112, 113, 116, 123, 126, 127, 128, 129, 131, 132, 133, 134], "excluded_lines": [], "functions": {"IndicadoresControlador.__init__": {"executed_lines": [39, 40, 41, 44], "summary": {"covered_lines": 4, "num_statements": 4, "percent_covered": 100.0, "percent_covered_display": "100", "missing_lines": 0, "excluded_lines": 0, "percent_statements_covered": 100.0, "percent_statements_covered_display": "100"}, "missing_lines": [], "excluded_lines": [], "start_line": 31}, "IndicadoresControlador.modelo": {"executed_lines": [49], "summary": {"covered_lines": 1, "num_statements": 1, "percent_covered": 100.0, "percent_covered_display": "100", "missing_lines": 0, "excluded_lines": 0, "percent_statements_covered": 100.0, "percent_statements_covered_display": "100"}, "missing_lines": [], "excluded_lines": [], "start_line": 47}, "IndicadoresControlador.vista": {"executed_lines": [54], "summary": {"covered_lines": 1, "num_statements": 1, "percent_covered": 100.0, "percent_covered_display": "100", "missing_lines": 0, "excluded_lines": 0, "percent_statements_covered": 100.0, "percent_statements_covered_display": "100"}, "missing_lines": [], "excluded_lines": [], "start_line": 52}, "IndicadoresControlador.actualizar_falla_sensor": {"executed_lines": [], "summary": {"covered_lines": 0, "num_statements": 7, "percent_covered": 0.0, "percent_covered_display": "0", "missing_lines": 7, "excluded_lines": 0, "percent_statements_covered": 0.0, "percent_statements_covered_display": "0"}, "missing_lines": [64, 67, 70, 73, 74, 75, 76], "excluded_lines": [], "start_line": 56}, "IndicadoresControlador.actualizar_bateria_baja": {"executed_lines": [], "summary": {"covered_lines": 0, "num_statements": 7, "percent_covered": 0.0, "percent_covered_display": "0", "missing_lines": 7, "excluded_lines": 0, "percent_statements_covered": 0.0, "percent_statements_covered_display": "0"}, "missing_lines": [86, 89, 92, 95, 96, 97, 98], "excluded_lines": [], "start_line": 78}, "IndicadoresControlador.actualizar_desde_estado": {"executed_lines": [], "summary": {"covered_lines": 0, "num_statements": 12, "percent_covered": 0.0, "percent_covered_display": "0", "missing_lines": 12, "excluded_lines": 0, "percent_statements_covered": 0.0, "percent_statements_covered_display": "0"}, "missing_lines": [112, 113, 116, 123, 126, 127, 128, 129, 131, 132, 133, 134], "excluded_lines": [], "start_line": 100}, "": {"executed_lines": [9, 10, 12, 13, 16, 28, 29, 31, 46, 47, 51, 52, 56, 78, 100], "summary": {"covered_lines": 15, "num_statements": 15, "percent_covered": 100.0, "percent_covered_display": "100", "missing_lines": 0, "excluded_lines": 0, "percent_statements_covered": 100.0, "percent_statements_covered_display": "100"}, "missing_lines": [], "excluded_lines": [], "start_line": 1}}, "classes": {"IndicadoresControlador": {"executed_lines": [39, 40, 41, 44, 49, 54], "summary": {"covered_lines": 6, "num_statements": 32, "percent_covered": 18.75, "percent_covered_display": "19", "missing_lines": 26, "excluded_lines": 0, "percent_statements_covered": 18.75, "percent_statements_covered_display": "19"}, "missing_lines": [64, 67, 70, 73, 74, 75, 76, 86, 89, 92, 95, 96, 97, 98, 112, 113, 116, 123, 126, 127, 128, 129, 131, 132, 133, 134], "excluded_lines": [], "start_line": 16}, "": {"executed_lines": [9, 10, 12, 13, 16, 28, 29, 31, 46, 47, 51, 52, 56, 78, 100], "summary": {"covered_lines": 15, "num_statements": 15, "percent_covered": 100.0, "percent_covered_display": "100", "missing_lines": 0, "excluded_lines": 0, "percent_statements_covered": 100.0, "percent_statements_covered_display": "100"}, "missing_lines": [], "excluded_lines": [], "start_line": 1}}}, "app/presentacion/paneles/indicadores/modelo.py": {"executed_lines": [8, 11, 12, 21, 22, 24, 36], "summary": {"covered_lines": 7, "num_statements": 9, "percent_covered": 77.77777777777777, "percent_covered_display": "78", "missing_lines": 2, "excluded_lines": 0, "percent_statements_covered": 77.77777777777777, "percent_statements_covered_display": "78"}, "missing_lines": [31, 43], "excluded_lines": [], "functions": {"IndicadoresModelo.to_dict": {"executed_lines": [], "summary": {"covered_lines": 0, "num_statements": 1, "percent_covered": 0.0, "percent_covered_display": "0", "missing_lines": 1, "excluded_lines": 0, "percent_statements_covered": 0.0, "percent_statements_covered_display": "0"}, "missing_lines": [31], "excluded_lines": [], "start_line": 24}, "IndicadoresModelo.tiene_alertas": {"executed_lines": [], "summary": {"covered_lines": 0, "num_statements": 1, "percent_covered": 0.0, "percent_covered_display": "0", "missing_lines": 1, "excluded_lines": 0, "percent_statements_covered": 0.0, "percent_statements_covered_display": "0"}, "missing_lines": [43], "excluded_lines": [], "start_line": 36}, "": {"executed_lines": [8, 11, 12, 21, 22, 24, 36], "summary": {"covered_lines": 7, "num_statements": 7, "percent_covered": 100.0, "percent_covered_display": "100", "missing_lines": 0, "excluded_lines": 0, "percent_statements_covered": 100.0, "percent_statements_covered_display": "100"}, "missing_lines": [], "excluded_lines": [], "start_line": 1}}, "classes": {"IndicadoresModelo": {"executed_lines": [], "summary": {"covered_lines": 0, "num_statements": 2, "percent_covered": 0.0, "percent_covered_display": "0", "missing_lines": 2, "excluded_lines": 0, "percent_statements_covered": 0.0, "percent_statements_covered_display": "0"}, "missing_lines": [31, 43], "excluded_lines": [], "start_line": 12}, "": {"executed_lines": [8, 11, 12, 21, 22, 24, 36], "summary": {"covered_lines": 7, "num_statements": 7, "percent_covered": 100.0, "percent_covered_display": "100", "missing_lines": 0, "excluded_lines": 0, "percent_statements_covered": 100.0, "percent_statements_covered_display": "100"}, "missing_lines": [], "excluded_lines": [], "start_line": 1}}}, "app/presentacion/paneles/indicadores/vista.py": {"executed_lines": [9, 10, 11, 13, 14, 16, 19, 31, 40, 41, 42, 45, 46, 47, 48, 51, 54, 55, 56, 57, 58, 61, 62, 64, 67, 68, 69, 71, 79, 81, 84, 86, 92, 94, 99, 104, 114, 116, 117, 118, 120, 123, 124, 125, 128, 131, 134, 135, 136, 138, 139, 141, 143, 157, 165, 168, 171, 174], "summary": {"covered_lines": 58, "num_statements": 68, "percent_covered": 85.29411764705883, "percent_covered_display": "85", "missing_lines": 10, "excluded_lines": 0, "percent_statements_covered": 85.29411764705883, "percent_statements_covered_display": "85"}, "missing_lines": [82, 88, 89, 90, 95, 96, 97, 101, 166, 172], "excluded_lines": [], "functions": {"AlertLED.__init__": {"executed_lines": [40, 41, 42, 45, 46, 47, 48, 51, 54, 55, 56, 57, 58, 61, 62, 64, 67, 68, 69], "summary": {"covered_lines": 19, "num_statements": 19, "percent_covered": 100.0, "percent_covered_display": "100", "missing_lines": 0, "excluded_lines": 0, "percent_statements_covered": 100.0, "percent_statements_covered_display": "100"}, "missing_lines": [], "excluded_lines": [], "start_line": 31}, "AlertLED.set_estado": {"executed_lines": [79, 81, 84], "summary": {"covered_lines": 3, "num_statements": 4, "percent_covered": 75.0, "percent_covered_display": "75", "missing_lines": 1, "excluded_lines": 0, "percent_statements_covered": 75.0, "percent_statements_covered_display": "75"}, "missing_lines": [82], "excluded_lines": [], "start_line": 71}, "AlertLED._iniciar_pulso": {"executed_lines": [], "summary": {"covered_lines": 0, "num_statements": 3, "percent_covered": 0.0, "percent_covered_display": "0", "missing_lines": 3, "excluded_lines": 0, "percent_statements_covered": 0.0, "percent_statements_covered_display": "0"}, "missing_lines": [88, 89, 90], "excluded_lines": [], "start_line": 86}, "AlertLED._detener_pulso": {"executed_lines": [94], "summary": {"covered_lines": 1, "num_statements": 4, "percent_covered": 25.0, "percent_covered_display": "25", "missing_lines": 3, "excluded_lines": 0, "percent_statements_covered": 25.0, "percent_statements_covered_display": "25"}, "missing_lines": [95, 96, 97], "excluded_lines": [], "start_line": 92}, "AlertLED._pulsar": {"executed_lines": [], "summary": {"covered_lines": 0, "num_statements": 1, "percent_covered": 0.0, "percent_covered_display": "0", "missing_lines": 1, "excluded_lines": 0, "percent_statements_covered": 0.0, "percent_statements_covered_display": "0"}, "missing_lines": [101], "excluded_lines": [], "start_line": 99}, "IndicadoresVista.__init__": {"executed_lines": [116, 117, 118], "summary": {"covered_lines": 3, "num_statements": 3, "percent_covered": 100.0, "percent_covered_display": "100", "missing_lines": 0, "excluded_lines": 0, "percent_statements_covered": 100.0, "percent_statements_covered_display": "100"}, "missing_lines": [], "excluded_lines": [], "start_line": 114}, "IndicadoresVista._setup_ui": {"executed_lines": [123, 124, 125, 128, 131, 134, 135, 136, 138, 139], "summary": {"covered_lines": 10, "num_statements": 10, "percent_covered": 100.0, "percent_covered_display": "100", "missing_lines": 0, "excluded_lines": 0, "percent_statements_covered": 100.0, "percent_statements_covered_display": "100"}, "missing_lines": [], "excluded_lines": [], "start_line": 120}, "IndicadoresVista._aplicar_estilos": {"executed_lines": [143], "summary": {"covered_lines": 1, "num_statements": 1, "percent_covered": 100.0, "percent_covered_display": "100", "missing_lines": 0, "excluded_lines": 0, "percent_statements_covered": 100.0, "percent_statements_covered_display": "100"}, "missing_lines": [], "excluded_lines": [], "start_line": 141}, "IndicadoresVista.actualizar": {"executed_lines": [165, 168, 171, 174], "summary": {"covered_lines": 4, "num_statements": 6, "percent_covered": 66.66666666666667, "percent_covered_display": "67", "missing_lines": 2, "excluded_lines": 0, "percent_statements_covered": 66.66666666666667, "percent_statements_covered_display": "67"}, "missing_lines": [166, 172], "excluded_lines": [], "start_line": 157}, "": {"executed_lines": [9, 10, 11, 13, 14, 16, 19, 31, 71, 86, 92, 99, 104, 114, 120, 141, 157], "summary": {"covered_lines": 17, "num_statements": 17, "percent_covered": 100.0, "percent_covered_display": "100", "missing_lines": 0, "excluded_lines": 0, "percent_statements_covered": 100.0, "percent_statements_covered_display": "100"}, "missing_lines": [], "excluded_lines": [], "start_line": 1}}, "classes": {"AlertLED": {"executed_lines": [40, 41, 42, 45, 46, 47, 48, 51, 54, 55, 56, 57, 58, 61, 62, 64, 67, 68, 69, 79, 81, 84, 94], "summary": {"covered_lines": 23, "num_statements": 31, "percent_covered": 74.19354838709677, "percent_covered_display": "74", "missing_lines": 8, "excluded_lines": 0, "percent_statements_covered": 74.19354838709677, "percent_statements_covered_display": "74"}, "missing_lines": [82, 88, 89, 90, 95, 96, 97, 101], "excluded_lines": [], "start_line": 19}, "IndicadoresVista": {"executed_lines": [116, 117, 118, 123, 124, 125, 128, 131, 134, 135, 136, 138, 139, 143, 165, 168, 171, 174], "summary": {"covered_lines": 18, "num_statements": 20, "percent_covered": 90.0, "percent_covered_display": "90", "missing_lines": 2, "excluded_lines": 0, "percent_statements_covered": 90.0, "percent_statements_covered_display": "90"}, "missing_lines": [166, 172], "excluded_lines": [], "start_line": 104}, "": {"executed_lines": [9, 10, 11, 13, 14, 16, 19, 31, 71, 86, 92, 99, 104, 114, 120, 141, 157], "summary": {"covered_lines": 17, "num_statements": 17, "percent_covered": 100.0, "percent_covered_display": "100", "missing_lines": 0, "excluded_lines": 0, "percent_statements_covered": 100.0, "percent_statements_covered_display": "100"}, "missing_lines": [], "excluded_lines": [], "start_line": 1}}}, "app/presentacion/paneles/power/__init__.py": {"executed_lines": [8, 9, 10, 12], "summary": {"covered_lines": 4, "num_statements": 4, "percent_covered": 100.0, "percent_covered_display": "100", "missing_lines": 0, "excluded_lines": 0, "percent_statements_covered": 100.0, "percent_statements_covered_display": "100"}, "missing_lines": [], "excluded_lines": [], "functions": {"": {"executed_lines": [8, 9, 10, 12], "summary": {"covered_lines": 4, "num_statements": 4, "percent_covered": 100.0, "percent_covered_display": "100", "missing_lines": 0, "excluded_lines": 0, "percent_statements_covered": 100.0, "percent_statements_covered_display": "100"}, "missing_lines": [], "excluded_lines": [], "start_line": 1}}, "classes": {"": {"executed_lines": [8, 9, 10, 12], "summary": {"covered_lines": 4, "num_statements": 4, "percent_covered": 100.0, "percent_covered_display": "100", "missing_lines": 0, "excluded_lines": 0, "percent_statements_covered": 100.0, "percent_statements_covered_display": "100"}, "missing_lines": [], "excluded_lines": [], "start_line": 1}}}, "app/presentacion/paneles/power/controlador.py": {"executed_lines": [8, 9, 11, 12, 15, 28, 29, 31, 39, 40, 41, 44, 47, 49, 50, 52, 54, 55, 57, 59, 85, 104], "summary": {"covered_lines": 22, "num_statements": 32, "percent_covered": 68.75, "percent_covered_display": "69", "missing_lines": 10, "excluded_lines": 0, "percent_statements_covered": 68.75, "percent_statements_covered_display": "69"}, "missing_lines": [70, 73, 76, 79, 82, 83, 96, 99, 102, 118], "excluded_lines": [], "functions": {"PowerControlador.__init__": {"executed_lines": [39, 40, 41, 44, 47], "summary": {"covered_lines": 5, "num_statements": 5, "percent_covered": 100.0, "percent_covered_display": "100", "missing_lines": 0, "excluded_lines": 0, "percent_statements_covered": 100.0, "percent_statements_covered_display": "100"}, "missing_lines": [], "excluded_lines": [], "start_line": 31}, "PowerControlador.modelo": {"executed_lines": [52], "summary": {"covered_lines": 1, "num_statements": 1, "percent_covered": 100.0, "percent_covered_display": "100", "missing_lines": 0, "excluded_lines": 0, "percent_statements_covered": 100.0, "percent_statements_covered_display": "100"}, "missing_lines": [], "excluded_lines": [], "start_line": 50}, "PowerControlador.vista": {"executed_lines": [57], "summary": {"covered_lines": 1, "num_statements": 1, "percent_covered": 100.0, "percent_covered_display": "100", "missing_lines": 0, "excluded_lines": 0, "percent_statements_covered": 100.0, "percent_statements_covered_display": "100"}, "missing_lines": [], "excluded_lines": [], "start_line": 55}, "PowerControlador.cambiar_estado": {"executed_lines": [], "summary": {"covered_lines": 0, "num_statements": 6, "percent_covered": 0.0, "percent_covered_display": "0", "missing_lines": 6, "excluded_lines": 0, "percent_statements_covered": 0.0, "percent_statements_covered_display": "0"}, "missing_lines": [70, 73, 76, 79, 82, 83], "excluded_lines": [], "start_line": 59}, "PowerControlador.actualizar_modelo": {"executed_lines": [], "summary": {"covered_lines": 0, "num_statements": 3, "percent_covered": 0.0, "percent_covered_display": "0", "missing_lines": 3, "excluded_lines": 0, "percent_statements_covered": 0.0, "percent_statements_covered_display": "0"}, "missing_lines": [96, 99, 102], "excluded_lines": [], "start_line": 85}, "PowerControlador._generar_comando_power": {"executed_lines": [], "summary": {"covered_lines": 0, "num_statements": 1, "percent_covered": 0.0, "percent_covered_display": "0", "missing_lines": 1, "excluded_lines": 0, "percent_statements_covered": 0.0, "percent_statements_covered_display": "0"}, "missing_lines": [118], "excluded_lines": [], "start_line": 104}, "": {"executed_lines": [8, 9, 11, 12, 15, 28, 29, 31, 49, 50, 54, 55, 59, 85, 104], "summary": {"covered_lines": 15, "num_statements": 15, "percent_covered": 100.0, "percent_covered_display": "100", "missing_lines": 0, "excluded_lines": 0, "percent_statements_covered": 100.0, "percent_statements_covered_display": "100"}, "missing_lines": [], "excluded_lines": [], "start_line": 1}}, "classes": {"PowerControlador": {"executed_lines": [39, 40, 41, 44, 47, 52, 57], "summary": {"covered_lines": 7, "num_statements": 17, "percent_covered": 41.1764705882353, "percent_covered_display": "41", "missing_lines": 10, "excluded_lines": 0, "percent_statements_covered": 41.1764705882353, "percent_statements_covered_display": "41"}, "missing_lines": [70, 73, 76, 79, 82, 83, 96, 99, 102, 118], "excluded_lines": [], "start_line": 15}, "": {"executed_lines": [8, 9, 11, 12, 15, 28, 29, 31, 49, 50, 54, 55, 59, 85, 104], "summary": {"covered_lines": 15, "num_statements": 15, "percent_covered": 100.0, "percent_covered_display": "100", "missing_lines": 0, "excluded_lines": 0, "percent_statements_covered": 100.0, "percent_statements_covered_display": "100"}, "missing_lines": [], "excluded_lines": [], "start_line": 1}}}, "app/presentacion/paneles/power/modelo.py": {"executed_lines": [8, 11, 12, 20, 22], "summary": {"covered_lines": 5, "num_statements": 6, "percent_covered": 83.33333333333333, "percent_covered_display": "83", "missing_lines": 1, "excluded_lines": 0, "percent_statements_covered": 83.33333333333333, "percent_statements_covered_display": "83"}, "missing_lines": [29], "excluded_lines": [], "functions": {"PowerModelo.to_dict": {"executed_lines": [], "summary": {"covered_lines": 0, "num_statements": 1, "percent_covered": 0.0, "percent_covered_display": "0", "missing_lines": 1, "excluded_lines": 0, "percent_statements_covered": 0.0, "percent_statements_covered_display": "0"}, "missing_lines": [29], "excluded_lines": [], "start_line": 22}, "": {"executed_lines": [8, 11, 12, 20, 22], "summary": {"covered_lines": 5, "num_statements": 5, "percent_covered": 100.0, "percent_covered_display": "100", "missing_lines": 0, "excluded_lines": 0, "percent_statements_covered": 100.0, "percent_statements_covered_display": "100"}, "missing_lines": [], "excluded_lines": [], "start_line": 1}}, "classes": {"PowerModelo": {"executed_lines": [], "summary": {"covered_lines": 0, "num_statements": 1, "percent_covered": 0.0, "percent_covered_display": "0", "missing_lines": 1, "excluded_lines": 0, "percent_statements_covered": 0.0, "percent_statements_covered_display": "0"}, "missing_lines": [29], "excluded_lines": [], "start_line": 12}, "": {"executed_lines": [8, 11, 12, 20, 22], "summary": {"covered_lines": 5, "num_statements": 5, "percent_covered": 100.0, "percent_covered_display": "100", "missing_lines": 0, "excluded_lines": 0, "percent_statements_covered": 100.0, "percent_statements_covered_display": "100"}, "missing_lines": [], "excluded_lines": [], "start_line": 1}}}, "app/presentacion/paneles/power/vista.py": {"executed_lines": [8, 9, 10, 12, 15, 26, 28, 29, 31, 34, 35, 36, 39, 40, 41, 44, 45, 46, 47, 50, 51, 54, 55, 58, 60, 62, 84, 108, 115, 119, 120], "summary": {"covered_lines": 31, "num_statements": 34, "percent_covered": 91.17647058823529, "percent_covered_display": "91", "missing_lines": 3, "excluded_lines": 0, "percent_statements_covered": 91.17647058823529, "percent_statements_covered_display": "91"}, "missing_lines": [86, 116, 117], "excluded_lines": [], "functions": {"PowerVista.__init__": {"executed_lines": [28, 29], "summary": {"covered_lines": 2, "num_statements": 2, "percent_covered": 100.0, "percent_covered_display": "100", "missing_lines": 0, "excluded_lines": 0, "percent_statements_covered": 100.0, "percent_statements_covered_display": "100"}, "missing_lines": [], "excluded_lines": [], "start_line": 26}, "PowerVista._setup_ui": {"executed_lines": [34, 35, 36, 39, 40, 41, 44, 45, 46, 47, 50, 51, 54, 55, 58], "summary": {"covered_lines": 15, "num_statements": 15, "percent_covered": 100.0, "percent_covered_display": "100", "missing_lines": 0, "excluded_lines": 0, "percent_statements_covered": 100.0, "percent_statements_covered_display": "100"}, "missing_lines": [], "excluded_lines": [], "start_line": 31}, "PowerVista._aplicar_estilo_apagado": {"executed_lines": [62], "summary": {"covered_lines": 1, "num_statements": 1, "percent_covered": 100.0, "percent_covered_display": "100", "missing_lines": 0, "excluded_lines": 0, "percent_statements_covered": 100.0, "percent_statements_covered_display": "100"}, "missing_lines": [], "excluded_lines": [], "start_line": 60}, "PowerVista._aplicar_estilo_encendido": {"executed_lines": [], "summary": {"covered_lines": 0, "num_statements": 1, "percent_covered": 0.0, "percent_covered_display": "0", "missing_lines": 1, "excluded_lines": 0, "percent_statements_covered": 0.0, "percent_statements_covered_display": "0"}, "missing_lines": [86], "excluded_lines": [], "start_line": 84}, "PowerVista.actualizar": {"executed_lines": [115, 119, 120], "summary": {"covered_lines": 3, "num_statements": 5, "percent_covered": 60.0, "percent_covered_display": "60", "missing_lines": 2, "excluded_lines": 0, "percent_statements_covered": 60.0, "percent_statements_covered_display": "60"}, "missing_lines": [116, 117], "excluded_lines": [], "start_line": 108}, "": {"executed_lines": [8, 9, 10, 12, 15, 26, 31, 60, 84, 108], "summary": {"covered_lines": 10, "num_statements": 10, "percent_covered": 100.0, "percent_covered_display": "100", "missing_lines": 0, "excluded_lines": 0, "percent_statements_covered": 100.0, "percent_statements_covered_display": "100"}, "missing_lines": [], "excluded_lines": [], "start_line": 1}}, "classes": {"PowerVista": {"executed_lines": [28, 29, 34, 35, 36, 39, 40, 41, 44, 45, 46, 47, 50, 51, 54, 55, 58, 62, 115, 119, 120], "summary": {"covered_lines": 21, "num_statements": 24, "percent_covered": 87.5, "percent_covered_display": "88", "missing_lines": 3, "excluded_lines": 0, "percent_statements_covered": 87.5, "percent_statements_covered_display": "88"}, "missing_lines": [86, 116, 117], "excluded_lines": [], "start_line": 15}, "": {"executed_lines": [8, 9, 10, 12, 15, 26, 31, 60, 84, 108], "summary": {"covered_lines": 10, "num_statements": 10, "percent_covered": 100.0, "percent_covered_display": "100", "missing_lines": 0, "excluded_lines": 0, "percent_statements_covered": 100.0, "percent_statements_covered_display": "100"}, "missing_lines": [], "excluded_lines": [], "start_line": 1}}}}, "totals": {"covered_lines": 731, "num_statements": 953, "percent_covered": 76.70514165792235, "percent_covered_display": "77", "missing_lines": 222, "excluded_lines": 0, "percent_statements_covered": 76.70514165792235, "percent_statements_covered_display": "77"}}